Analysis & Synthesis report for hal_1
Mon Oct 16 15:28:47 2017
Quartus Prime Version 17.0.0 Build 595 04/25/2017 SJ Lite Edition


---------------------
; Table of Contents ;
---------------------
  1. Legal Notice
  2. Analysis & Synthesis Summary
  3. Analysis & Synthesis Settings
  4. Parallel Compilation
  5. Analysis & Synthesis Source Files Read
  6. Analysis & Synthesis Resource Usage Summary
  7. Analysis & Synthesis Resource Utilization by Entity
  8. General Register Statistics
  9. Multiplexer Restructuring Statistics (Restructuring Performed)
 10. Post-Synthesis Netlist Statistics for Top Partition
 11. Elapsed Time Per Partition
 12. Analysis & Synthesis Messages



----------------
; Legal Notice ;
----------------
Copyright (C) 2017  Intel Corporation. All rights reserved.
Your use of Intel Corporation's design tools, logic functions 
and other software and tools, and its AMPP partner logic 
functions, and any output files from any of the foregoing 
(including device programming or simulation files), and any 
associated documentation or information are expressly subject 
to the terms and conditions of the Intel Program License 
Subscription Agreement, the Intel Quartus Prime License Agreement,
the Intel MegaCore Function License Agreement, or other 
applicable license agreement, including, without limitation, 
that your use is for the sole purpose of programming logic 
devices manufactured by Intel and sold by Intel or its 
authorized distributors.  Please refer to the applicable 
agreement for further details.



+----------------------------------------------------------------------------------+
; Analysis & Synthesis Summary                                                     ;
+------------------------------------+---------------------------------------------+
; Analysis & Synthesis Status        ; Successful - Mon Oct 16 15:28:47 2017       ;
; Quartus Prime Version              ; 17.0.0 Build 595 04/25/2017 SJ Lite Edition ;
; Revision Name                      ; hal_1                                       ;
; Top-level Entity Name              ; hal_1                                       ;
; Family                             ; Cyclone IV E                                ;
; Total logic elements               ; 864                                         ;
;     Total combinational functions  ; 619                                         ;
;     Dedicated logic registers      ; 299                                         ;
; Total registers                    ; 299                                         ;
; Total pins                         ; 75                                          ;
; Total virtual pins                 ; 0                                           ;
; Total memory bits                  ; 0                                           ;
; Embedded Multiplier 9-bit elements ; 0                                           ;
; Total PLLs                         ; 0                                           ;
+------------------------------------+---------------------------------------------+


+----------------------------------------------------------------------------------------------------------------------+
; Analysis & Synthesis Settings                                                                                        ;
+----------------------------------------------------------------------------+--------------------+--------------------+
; Option                                                                     ; Setting            ; Default Value      ;
+----------------------------------------------------------------------------+--------------------+--------------------+
; Device                                                                     ; EP4CE115F29C7      ;                    ;
; Top-level entity name                                                      ; hal_1              ; hal_1              ;
; Family name                                                                ; Cyclone IV E       ; Cyclone V          ;
; Use smart compilation                                                      ; Off                ; Off                ;
; Maximum processors allowed for parallel compilation                        ; 2                  ; 2                  ;
; Enable parallel Assembler and TimeQuest Timing Analyzer during compilation ; On                 ; On                 ;
; Enable compact report table                                                ; Off                ; Off                ;
; Restructure Multiplexers                                                   ; Auto               ; Auto               ;
; Create Debugging Nodes for IP Cores                                        ; Off                ; Off                ;
; Preserve fewer node names                                                  ; On                 ; On                 ;
; OpenCore Plus hardware evaluation                                          ; Enable             ; Enable             ;
; Verilog Version                                                            ; Verilog_2001       ; Verilog_2001       ;
; VHDL Version                                                               ; VHDL_1993          ; VHDL_1993          ;
; State Machine Processing                                                   ; Auto               ; Auto               ;
; Safe State Machine                                                         ; Off                ; Off                ;
; Extract Verilog State Machines                                             ; On                 ; On                 ;
; Extract VHDL State Machines                                                ; On                 ; On                 ;
; Ignore Verilog initial constructs                                          ; Off                ; Off                ;
; Iteration limit for constant Verilog loops                                 ; 5000               ; 5000               ;
; Iteration limit for non-constant Verilog loops                             ; 250                ; 250                ;
; Add Pass-Through Logic to Inferred RAMs                                    ; On                 ; On                 ;
; Infer RAMs from Raw Logic                                                  ; On                 ; On                 ;
; Parallel Synthesis                                                         ; On                 ; On                 ;
; DSP Block Balancing                                                        ; Auto               ; Auto               ;
; NOT Gate Push-Back                                                         ; On                 ; On                 ;
; Power-Up Don't Care                                                        ; On                 ; On                 ;
; Remove Redundant Logic Cells                                               ; Off                ; Off                ;
; Remove Duplicate Registers                                                 ; On                 ; On                 ;
; Ignore CARRY Buffers                                                       ; Off                ; Off                ;
; Ignore CASCADE Buffers                                                     ; Off                ; Off                ;
; Ignore GLOBAL Buffers                                                      ; Off                ; Off                ;
; Ignore ROW GLOBAL Buffers                                                  ; Off                ; Off                ;
; Ignore LCELL Buffers                                                       ; Off                ; Off                ;
; Ignore SOFT Buffers                                                        ; On                 ; On                 ;
; Limit AHDL Integers to 32 Bits                                             ; Off                ; Off                ;
; Optimization Technique                                                     ; Balanced           ; Balanced           ;
; Carry Chain Length                                                         ; 70                 ; 70                 ;
; Auto Carry Chains                                                          ; On                 ; On                 ;
; Auto Open-Drain Pins                                                       ; On                 ; On                 ;
; Perform WYSIWYG Primitive Resynthesis                                      ; Off                ; Off                ;
; Auto ROM Replacement                                                       ; On                 ; On                 ;
; Auto RAM Replacement                                                       ; On                 ; On                 ;
; Auto DSP Block Replacement                                                 ; On                 ; On                 ;
; Auto Shift Register Replacement                                            ; Auto               ; Auto               ;
; Allow Shift Register Merging across Hierarchies                            ; Auto               ; Auto               ;
; Auto Clock Enable Replacement                                              ; On                 ; On                 ;
; Strict RAM Replacement                                                     ; Off                ; Off                ;
; Allow Synchronous Control Signals                                          ; On                 ; On                 ;
; Force Use of Synchronous Clear Signals                                     ; Off                ; Off                ;
; Auto RAM Block Balancing                                                   ; On                 ; On                 ;
; Auto RAM to Logic Cell Conversion                                          ; Off                ; Off                ;
; Auto Resource Sharing                                                      ; Off                ; Off                ;
; Allow Any RAM Size For Recognition                                         ; Off                ; Off                ;
; Allow Any ROM Size For Recognition                                         ; Off                ; Off                ;
; Allow Any Shift Register Size For Recognition                              ; Off                ; Off                ;
; Use LogicLock Constraints during Resource Balancing                        ; On                 ; On                 ;
; Ignore translate_off and synthesis_off directives                          ; Off                ; Off                ;
; Timing-Driven Synthesis                                                    ; On                 ; On                 ;
; Report Parameter Settings                                                  ; On                 ; On                 ;
; Report Source Assignments                                                  ; On                 ; On                 ;
; Report Connectivity Checks                                                 ; On                 ; On                 ;
; Ignore Maximum Fan-Out Assignments                                         ; Off                ; Off                ;
; Synchronization Register Chain Length                                      ; 2                  ; 2                  ;
; PowerPlay Power Optimization During Synthesis                              ; Normal compilation ; Normal compilation ;
; HDL message level                                                          ; Level2             ; Level2             ;
; Suppress Register Optimization Related Messages                            ; Off                ; Off                ;
; Number of Removed Registers Reported in Synthesis Report                   ; 5000               ; 5000               ;
; Number of Swept Nodes Reported in Synthesis Report                         ; 5000               ; 5000               ;
; Number of Inverted Registers Reported in Synthesis Report                  ; 100                ; 100                ;
; Clock MUX Protection                                                       ; On                 ; On                 ;
; Auto Gated Clock Conversion                                                ; Off                ; Off                ;
; Block Design Naming                                                        ; Auto               ; Auto               ;
; SDC constraint protection                                                  ; Off                ; Off                ;
; Synthesis Effort                                                           ; Auto               ; Auto               ;
; Shift Register Replacement - Allow Asynchronous Clear Signal               ; On                 ; On                 ;
; Pre-Mapping Resynthesis Optimization                                       ; Off                ; Off                ;
; Analysis & Synthesis Message Level                                         ; Medium             ; Medium             ;
; Disable Register Merging Across Hierarchies                                ; Auto               ; Auto               ;
; Resource Aware Inference For Block RAM                                     ; On                 ; On                 ;
+----------------------------------------------------------------------------+--------------------+--------------------+


+------------------------------------------+
; Parallel Compilation                     ;
+----------------------------+-------------+
; Processors                 ; Number      ;
+----------------------------+-------------+
; Number detected on machine ; 4           ;
; Maximum allowed            ; 2           ;
;                            ;             ;
; Average used               ; 1.00        ;
; Maximum used               ; 2           ;
;                            ;             ;
; Usage by Processor         ; % Time Used ;
;     Processor 1            ; 100.0%      ;
;     Processor 2            ;   0.0%      ;
+----------------------------+-------------+


+--------------------------------------------------------------------------------------------------------------------------------------------------+
; Analysis & Synthesis Source Files Read                                                                                                           ;
+----------------------------------+-----------------+------------------------+----------------------------------------------------------+---------+
; File Name with User-Entered Path ; Used in Netlist ; File Type              ; File Name with Absolute Path                             ; Library ;
+----------------------------------+-----------------+------------------------+----------------------------------------------------------+---------+
; bcd_7seg.v                       ; yes             ; User Verilog HDL File  ; /home/james/Documents/UFMG/oc2/TP2/hal_1/bcd_7seg.v      ;         ;
; debouncer.v                      ; yes             ; User Verilog HDL File  ; /home/james/Documents/UFMG/oc2/TP2/hal_1/debouncer.v     ;         ;
; register_bank.v                  ; yes             ; User Verilog HDL File  ; /home/james/Documents/UFMG/oc2/TP2/hal_1/register_bank.v ;         ;
; alu.v                            ; yes             ; User Verilog HDL File  ; /home/james/Documents/UFMG/oc2/TP2/hal_1/alu.v           ;         ;
; hal_1.v                          ; yes             ; User Verilog HDL File  ; /home/james/Documents/UFMG/oc2/TP2/hal_1/hal_1.v         ;         ;
+----------------------------------+-----------------+------------------------+----------------------------------------------------------+---------+


+------------------------------------------------------------+
; Analysis & Synthesis Resource Usage Summary                ;
+---------------------------------------------+--------------+
; Resource                                    ; Usage        ;
+---------------------------------------------+--------------+
; Estimated Total logic elements              ; 864          ;
;                                             ;              ;
; Total combinational functions               ; 619          ;
; Logic element usage by number of LUT inputs ;              ;
;     -- 4 input functions                    ; 455          ;
;     -- 3 input functions                    ; 93           ;
;     -- <=2 input functions                  ; 71           ;
;                                             ;              ;
; Logic elements by mode                      ;              ;
;     -- normal mode                          ; 554          ;
;     -- arithmetic mode                      ; 65           ;
;                                             ;              ;
; Total registers                             ; 299          ;
;     -- Dedicated logic registers            ; 299          ;
;     -- I/O registers                        ; 0            ;
;                                             ;              ;
; I/O pins                                    ; 75           ;
;                                             ;              ;
; Embedded Multiplier 9-bit elements          ; 0            ;
;                                             ;              ;
; Maximum fan-out node                        ; clk_reg_bank ;
; Maximum fan-out                             ; 256          ;
; Total fan-out                               ; 3260         ;
; Average fan-out                             ; 3.05         ;
+---------------------------------------------+--------------+


+--------------------------------------------------------------------------------------------------------------------------------------------------------------------------------------------------------------------+
; Analysis & Synthesis Resource Utilization by Entity                                                                                                                                                                ;
+----------------------------+---------------------+---------------------------+-------------+--------------+---------+-----------+------+--------------+-----------------------------+---------------+--------------+
; Compilation Hierarchy Node ; Combinational ALUTs ; Dedicated Logic Registers ; Memory Bits ; DSP Elements ; DSP 9x9 ; DSP 18x18 ; Pins ; Virtual Pins ; Full Hierarchy Name         ; Entity Name   ; Library Name ;
+----------------------------+---------------------+---------------------------+-------------+--------------+---------+-----------+------+--------------+-----------------------------+---------------+--------------+
; |hal_1                     ; 619 (22)            ; 299 (1)                   ; 0           ; 0            ; 0       ; 0         ; 75   ; 0            ; |hal_1                      ; hal_1         ; work         ;
;    |alu:alu_0|             ; 137 (137)           ; 0 (0)                     ; 0           ; 0            ; 0       ; 0         ; 0    ; 0            ; |hal_1|alu:alu_0            ; alu           ; work         ;
;    |bcd_7seg:hex_0|        ; 7 (7)               ; 0 (0)                     ; 0           ; 0            ; 0       ; 0         ; 0    ; 0            ; |hal_1|bcd_7seg:hex_0       ; bcd_7seg      ; work         ;
;    |bcd_7seg:hex_1|        ; 7 (7)               ; 0 (0)                     ; 0           ; 0            ; 0       ; 0         ; 0    ; 0            ; |hal_1|bcd_7seg:hex_1       ; bcd_7seg      ; work         ;
;    |bcd_7seg:hex_2|        ; 7 (7)               ; 0 (0)                     ; 0           ; 0            ; 0       ; 0         ; 0    ; 0            ; |hal_1|bcd_7seg:hex_2       ; bcd_7seg      ; work         ;
;    |bcd_7seg:hex_3|        ; 7 (7)               ; 0 (0)                     ; 0           ; 0            ; 0       ; 0         ; 0    ; 0            ; |hal_1|bcd_7seg:hex_3       ; bcd_7seg      ; work         ;
;    |bcd_7seg:hex_4|        ; 7 (7)               ; 0 (0)                     ; 0           ; 0            ; 0       ; 0         ; 0    ; 0            ; |hal_1|bcd_7seg:hex_4       ; bcd_7seg      ; work         ;
;    |bcd_7seg:hex_5|        ; 7 (7)               ; 0 (0)                     ; 0           ; 0            ; 0       ; 0         ; 0    ; 0            ; |hal_1|bcd_7seg:hex_5       ; bcd_7seg      ; work         ;
;    |bcd_7seg:hex_6|        ; 7 (7)               ; 0 (0)                     ; 0           ; 0            ; 0       ; 0         ; 0    ; 0            ; |hal_1|bcd_7seg:hex_6       ; bcd_7seg      ; work         ;
;    |bcd_7seg:hex_7|        ; 7 (7)               ; 0 (0)                     ; 0           ; 0            ; 0       ; 0         ; 0    ; 0            ; |hal_1|bcd_7seg:hex_7       ; bcd_7seg      ; work         ;
;    |debouncer:dbk0|        ; 26 (26)             ; 21 (21)                   ; 0           ; 0            ; 0       ; 0         ; 0    ; 0            ; |hal_1|debouncer:dbk0       ; debouncer     ; work         ;
;    |debouncer:dbk3|        ; 26 (26)             ; 21 (21)                   ; 0           ; 0            ; 0       ; 0         ; 0    ; 0            ; |hal_1|debouncer:dbk3       ; debouncer     ; work         ;
;    |register_bank:r_bank|  ; 352 (352)           ; 256 (256)                 ; 0           ; 0            ; 0       ; 0         ; 0    ; 0            ; |hal_1|register_bank:r_bank ; register_bank ; work         ;
+----------------------------+---------------------+---------------------------+-------------+--------------+---------+-----------+------+--------------+-----------------------------+---------------+--------------+
Note: For table entries with two numbers listed, the numbers in parentheses indicate the number of resources of the given type used by the specific entity alone. The numbers listed outside of parentheses indicate the total resources of the given type used by the specific entity and all of its sub-entities in the hierarchy.


+------------------------------------------------------+
; General Register Statistics                          ;
+----------------------------------------------+-------+
; Statistic                                    ; Value ;
+----------------------------------------------+-------+
; Total registers                              ; 299   ;
; Number of registers using Synchronous Clear  ; 36    ;
; Number of registers using Synchronous Load   ; 0     ;
; Number of registers using Asynchronous Clear ; 1     ;
; Number of registers using Asynchronous Load  ; 0     ;
; Number of registers using Clock Enable       ; 256   ;
; Number of registers using Preset             ; 0     ;
+----------------------------------------------+-------+


+------------------------------------------------------------------------------------------------------------------------------------------+
; Multiplexer Restructuring Statistics (Restructuring Performed)                                                                           ;
+--------------------+-----------+---------------+----------------------+------------------------+------------+----------------------------+
; Multiplexer Inputs ; Bus Width ; Baseline Area ; Area if Restructured ; Saving if Restructured ; Registered ; Example Multiplexer Output ;
+--------------------+-----------+---------------+----------------------+------------------------+------------+----------------------------+
; 16:1               ; 15 bits   ; 150 LEs       ; 45 LEs               ; 105 LEs                ; No         ; |hal_1|alu:alu_0|Mux8      ;
; 4:1                ; 16 bits   ; 32 LEs        ; 16 LEs               ; 16 LEs                 ; No         ; |hal_1|alu:alu_0|Add0      ;
; 4:1                ; 16 bits   ; 32 LEs        ; 16 LEs               ; 16 LEs                 ; No         ; |hal_1|alu:alu_0|Add0      ;
+--------------------+-----------+---------------+----------------------+------------------------+------------+----------------------------+


+-----------------------------------------------------+
; Post-Synthesis Netlist Statistics for Top Partition ;
+-----------------------+-----------------------------+
; Type                  ; Count                       ;
+-----------------------+-----------------------------+
; boundary_port         ; 75                          ;
; cycloneiii_ff         ; 299                         ;
;     CLR               ; 1                           ;
;     ENA               ; 256                         ;
;     SCLR              ; 36                          ;
;     plain             ; 6                           ;
; cycloneiii_lcell_comb ; 627                         ;
;     arith             ; 65                          ;
;         2 data inputs ; 34                          ;
;         3 data inputs ; 31                          ;
;     normal            ; 562                         ;
;         1 data inputs ; 10                          ;
;         2 data inputs ; 35                          ;
;         3 data inputs ; 62                          ;
;         4 data inputs ; 455                         ;
;                       ;                             ;
; Max LUT depth         ; 13.50                       ;
; Average LUT depth     ; 10.40                       ;
+-----------------------+-----------------------------+


+-------------------------------+
; Elapsed Time Per Partition    ;
+----------------+--------------+
; Partition Name ; Elapsed Time ;
+----------------+--------------+
; Top            ; 00:00:02     ;
+----------------+--------------+


+-------------------------------+
; Analysis & Synthesis Messages ;
+-------------------------------+
Info: *******************************************************************
Info: Running Quartus Prime Analysis & Synthesis
    Info: Version 17.0.0 Build 595 04/25/2017 SJ Lite Edition
    Info: Processing started: Mon Oct 16 15:28:25 2017
Info: Command: quartus_map --read_settings_files=on --write_settings_files=off hal_1 -c hal_1
Info (20032): Parallel compilation is enabled and will use up to 2 processors
Info (12021): Found 1 design units, including 1 entities, in source file bcd_7seg.v
    Info (12023): Found entity 1: bcd_7seg File: /home/james/Documents/UFMG/oc2/TP2/hal_1/bcd_7seg.v Line: 10
Info (12021): Found 1 design units, including 1 entities, in source file debouncer.v
    Info (12023): Found entity 1: debouncer File: /home/james/Documents/UFMG/oc2/TP2/hal_1/debouncer.v Line: 13
Info (12021): Found 1 design units, including 1 entities, in source file register_bank.v
    Info (12023): Found entity 1: register_bank File: /home/james/Documents/UFMG/oc2/TP2/hal_1/register_bank.v Line: 10
Info (12021): Found 1 design units, including 1 entities, in source file alu.v
    Info (12023): Found entity 1: alu File: /home/james/Documents/UFMG/oc2/TP2/hal_1/alu.v Line: 10
Info (12021): Found 1 design units, including 1 entities, in source file hal_1.v
    Info (12023): Found entity 1: hal_1 File: /home/james/Documents/UFMG/oc2/TP2/hal_1/hal_1.v Line: 27
Info (12127): Elaborating entity "hal_1" for the top level hierarchy
Info (12128): Elaborating entity "register_bank" for hierarchy "register_bank:r_bank" File: /home/james/Documents/UFMG/oc2/TP2/hal_1/hal_1.v Line: 84
Info (12128): Elaborating entity "alu" for hierarchy "alu:alu_0" File: /home/james/Documents/UFMG/oc2/TP2/hal_1/hal_1.v Line: 94
Info (12128): Elaborating entity "bcd_7seg" for hierarchy "bcd_7seg:hex_7" File: /home/james/Documents/UFMG/oc2/TP2/hal_1/hal_1.v Line: 99
Info (12128): Elaborating entity "debouncer" for hierarchy "debouncer:dbk0" File: /home/james/Documents/UFMG/oc2/TP2/hal_1/hal_1.v Line: 140
Info (276014): Found 1 instances of uninferred RAM logic
    Info (276007): RAM logic "register_bank:r_bank|registers" is uninferred due to asynchronous read logic File: /home/james/Documents/UFMG/oc2/TP2/hal_1/register_bank.v Line: 22
Info (286030): Timing-Driven Synthesis is running
Info (16010): Generating hard_block partition "hard_block:auto_generated_inst"
    Info (16011): Adding 0 node(s), including 0 DDIO, 0 PLL, 0 transceiver and 0 LCELL
Info (21057): Implemented 955 device resources after synthesis - the final resource count might be different
    Info (21058): Implemented 19 input pins
    Info (21059): Implemented 56 output pins
    Info (21061): Implemented 880 logic cells
Info: Quartus Prime Analysis & Synthesis was successful. 0 errors, 0 warnings
    Info: Peak virtual memory: 950 megabytes
    Info: Processing ended: Mon Oct 16 15:28:47 2017
    Info: Elapsed time: 00:00:22
    Info: Total CPU time (on all processors): 00:00:41


