Assembler report for hal_3
Tue Nov 14 23:06:58 2017
Quartus Prime Version 17.0.0 Build 595 04/25/2017 SJ Lite Edition


---------------------
; Table of Contents ;
---------------------
  1. Legal Notice
  2. Assembler Summary
  3. Assembler Settings
  4. Assembler Generated Files
  5. Assembler Device Options: hal_3.sof
  6. Assembler Messages



----------------
; Legal Notice ;
----------------
Copyright (C) 2017  Intel Corporation. All rights reserved.
Your use of Intel Corporation's design tools, logic functions 
and other software and tools, and its AMPP partner logic 
functions, and any output files from any of the foregoing 
(including device programming or simulation files), and any 
associated documentation or information are expressly subject 
to the terms and conditions of the Intel Program License 
Subscription Agreement, the Intel Quartus Prime License Agreement,
the Intel MegaCore Function License Agreement, or other 
applicable license agreement, including, without limitation, 
that your use is for the sole purpose of programming logic 
devices manufactured by Intel and sold by Intel or its 
authorized distributors.  Please refer to the applicable 
agreement for further details.



+---------------------------------------------------------------+
; Assembler Summary                                             ;
+-----------------------+---------------------------------------+
; Assembler Status      ; Successful - Tue Nov 14 23:06:58 2017 ;
; Revision Name         ; hal_3                                 ;
; Top-level Entity Name ; hal_3                                 ;
; Family                ; Cyclone IV E                          ;
; Device                ; EP4CE115F29C7                         ;
+-----------------------+---------------------------------------+


+----------------------------------+
; Assembler Settings               ;
+--------+---------+---------------+
; Option ; Setting ; Default Value ;
+--------+---------+---------------+


+-----------------------------------------------------------------+
; Assembler Generated Files                                       ;
+-----------------------------------------------------------------+
; File Name                                                       ;
+-----------------------------------------------------------------+
; /home/james/Documents/UFMG/oc2/tp4/hal_3/output_files/hal_3.sof ;
+-----------------------------------------------------------------+


+-------------------------------------+
; Assembler Device Options: hal_3.sof ;
+----------------+--------------------+
; Option         ; Setting            ;
+----------------+--------------------+
; JTAG usercode  ; 0x005F9C67         ;
; Checksum       ; 0x005F9C67         ;
+----------------+--------------------+


+--------------------+
; Assembler Messages ;
+--------------------+
Info: *******************************************************************
Info: Running Quartus Prime Assembler
    Info: Version 17.0.0 Build 595 04/25/2017 SJ Lite Edition
    Info: Processing started: Tue Nov 14 23:06:53 2017
Info: Command: quartus_asm --read_settings_files=off --write_settings_files=off hal_3 -c hal_3
Info (115031): Writing out detailed assembly data for power analysis
Info (115030): Assembler is generating device programming files
Info: Quartus Prime Assembler was successful. 0 errors, 0 warnings
    Info: Peak virtual memory: 820 megabytes
    Info: Processing ended: Tue Nov 14 23:06:58 2017
    Info: Elapsed time: 00:00:05
    Info: Total CPU time (on all processors): 00:00:04


