Analysis & Synthesis report for tp2
Wed Jun 20 14:20:33 2018
Quartus II 64-Bit Version 13.1.0 Build 162 10/23/2013 SJ Web Edition


---------------------
; Table of Contents ;
---------------------
  1. Legal Notice
  2. Analysis & Synthesis Summary
  3. Analysis & Synthesis Settings
  4. Parallel Compilation
  5. Analysis & Synthesis Source Files Read
  6. Analysis & Synthesis Resource Usage Summary
  7. Analysis & Synthesis Resource Utilization by Entity
  8. Analysis & Synthesis RAM Summary
  9. Analysis & Synthesis DSP Block Usage Summary
 10. Analysis & Synthesis IP Cores Summary
 11. State Machine - |pipeline|START
 12. Registers Removed During Synthesis
 13. Removed Registers Triggering Further Register Optimizations
 14. General Register Statistics
 15. Inverted Register Statistics
 16. Registers Added for RAM Pass-Through Logic
 17. Registers Packed Into Inferred Megafunctions
 18. Multiplexer Restructuring Statistics (Restructuring Performed)
 19. Source assignments for memory:memoriaDeInstrucao|altsyncram:altsyncram_component|altsyncram_hhr3:auto_generated
 20. Source assignments for altsyncram:registers_rtl_0|altsyncram_rbi1:auto_generated
 21. Source assignments for altsyncram:registers_rtl_1|altsyncram_rbi1:auto_generated
 22. Parameter Settings for User Entity Instance: memory:memoriaDeInstrucao|altsyncram:altsyncram_component
 23. Parameter Settings for Inferred Entity Instance: altsyncram:registers_rtl_0
 24. Parameter Settings for Inferred Entity Instance: altsyncram:registers_rtl_1
 25. Parameter Settings for Inferred Entity Instance: lpm_mult:Mult0
 26. altsyncram Parameter Settings by Entity Instance
 27. lpm_mult Parameter Settings by Entity Instance
 28. Port Connectivity Checks: "displayDecoder:DP7_5"
 29. Port Connectivity Checks: "displayDecoder:DP7_4"
 30. Port Connectivity Checks: "displayDecoder:DP7_2"
 31. Port Connectivity Checks: "displayDecoder:DP7_1"
 32. Elapsed Time Per Partition
 33. Analysis & Synthesis Messages
 34. Analysis & Synthesis Suppressed Messages



----------------
; Legal Notice ;
----------------
Copyright (C) 1991-2013 Altera Corporation
Your use of Altera Corporation's design tools, logic functions 
and other software and tools, and its AMPP partner logic 
functions, and any output files from any of the foregoing 
(including device programming or simulation files), and any 
associated documentation or information are expressly subject 
to the terms and conditions of the Altera Program License 
Subscription Agreement, Altera MegaCore Function License 
Agreement, or other applicable license agreement, including, 
without limitation, that your use is for the sole purpose of 
programming logic devices manufactured by Altera and sold by 
Altera or its authorized distributors.  Please refer to the 
applicable agreement for further details.



+---------------------------------------------------------------------------------+
; Analysis & Synthesis Summary                                                    ;
+------------------------------------+--------------------------------------------+
; Analysis & Synthesis Status        ; Successful - Wed Jun 20 14:20:32 2018      ;
; Quartus II 64-Bit Version          ; 13.1.0 Build 162 10/23/2013 SJ Web Edition ;
; Revision Name                      ; tp2                                        ;
; Top-level Entity Name              ; pipeline                                   ;
; Family                             ; Cyclone IV E                               ;
; Total logic elements               ; 436                                        ;
;     Total combinational functions  ; 344                                        ;
;     Dedicated logic registers      ; 204                                        ;
; Total registers                    ; 204                                        ;
; Total pins                         ; 88                                         ;
; Total virtual pins                 ; 0                                          ;
; Total memory bits                  ; 16,896                                     ;
; Embedded Multiplier 9-bit elements ; 2                                          ;
; Total PLLs                         ; 0                                          ;
+------------------------------------+--------------------------------------------+


+----------------------------------------------------------------------------------------------------------------------+
; Analysis & Synthesis Settings                                                                                        ;
+----------------------------------------------------------------------------+--------------------+--------------------+
; Option                                                                     ; Setting            ; Default Value      ;
+----------------------------------------------------------------------------+--------------------+--------------------+
; Device                                                                     ; EP4CE115F29C7      ;                    ;
; Top-level entity name                                                      ; pipeline           ; tp2                ;
; Family name                                                                ; Cyclone IV E       ; Cyclone IV GX      ;
; Use smart compilation                                                      ; Off                ; Off                ;
; Enable parallel Assembler and TimeQuest Timing Analyzer during compilation ; On                 ; On                 ;
; Enable compact report table                                                ; Off                ; Off                ;
; Restructure Multiplexers                                                   ; Auto               ; Auto               ;
; Create Debugging Nodes for IP Cores                                        ; Off                ; Off                ;
; Preserve fewer node names                                                  ; On                 ; On                 ;
; Disable OpenCore Plus hardware evaluation                                  ; Off                ; Off                ;
; Verilog Version                                                            ; Verilog_2001       ; Verilog_2001       ;
; VHDL Version                                                               ; VHDL_1993          ; VHDL_1993          ;
; State Machine Processing                                                   ; Auto               ; Auto               ;
; Safe State Machine                                                         ; Off                ; Off                ;
; Extract Verilog State Machines                                             ; On                 ; On                 ;
; Extract VHDL State Machines                                                ; On                 ; On                 ;
; Ignore Verilog initial constructs                                          ; Off                ; Off                ;
; Iteration limit for constant Verilog loops                                 ; 5000               ; 5000               ;
; Iteration limit for non-constant Verilog loops                             ; 250                ; 250                ;
; Add Pass-Through Logic to Inferred RAMs                                    ; On                 ; On                 ;
; Infer RAMs from Raw Logic                                                  ; On                 ; On                 ;
; Parallel Synthesis                                                         ; On                 ; On                 ;
; DSP Block Balancing                                                        ; Auto               ; Auto               ;
; NOT Gate Push-Back                                                         ; On                 ; On                 ;
; Power-Up Don't Care                                                        ; On                 ; On                 ;
; Remove Redundant Logic Cells                                               ; Off                ; Off                ;
; Remove Duplicate Registers                                                 ; On                 ; On                 ;
; Ignore CARRY Buffers                                                       ; Off                ; Off                ;
; Ignore CASCADE Buffers                                                     ; Off                ; Off                ;
; Ignore GLOBAL Buffers                                                      ; Off                ; Off                ;
; Ignore ROW GLOBAL Buffers                                                  ; Off                ; Off                ;
; Ignore LCELL Buffers                                                       ; Off                ; Off                ;
; Ignore SOFT Buffers                                                        ; On                 ; On                 ;
; Limit AHDL Integers to 32 Bits                                             ; Off                ; Off                ;
; Optimization Technique                                                     ; Balanced           ; Balanced           ;
; Carry Chain Length                                                         ; 70                 ; 70                 ;
; Auto Carry Chains                                                          ; On                 ; On                 ;
; Auto Open-Drain Pins                                                       ; On                 ; On                 ;
; Perform WYSIWYG Primitive Resynthesis                                      ; Off                ; Off                ;
; Auto ROM Replacement                                                       ; On                 ; On                 ;
; Auto RAM Replacement                                                       ; On                 ; On                 ;
; Auto DSP Block Replacement                                                 ; On                 ; On                 ;
; Auto Shift Register Replacement                                            ; Auto               ; Auto               ;
; Allow Shift Register Merging across Hierarchies                            ; Auto               ; Auto               ;
; Auto Clock Enable Replacement                                              ; On                 ; On                 ;
; Strict RAM Replacement                                                     ; Off                ; Off                ;
; Allow Synchronous Control Signals                                          ; On                 ; On                 ;
; Force Use of Synchronous Clear Signals                                     ; Off                ; Off                ;
; Auto RAM Block Balancing                                                   ; On                 ; On                 ;
; Auto RAM to Logic Cell Conversion                                          ; Off                ; Off                ;
; Auto Resource Sharing                                                      ; Off                ; Off                ;
; Allow Any RAM Size For Recognition                                         ; Off                ; Off                ;
; Allow Any ROM Size For Recognition                                         ; Off                ; Off                ;
; Allow Any Shift Register Size For Recognition                              ; Off                ; Off                ;
; Use LogicLock Constraints during Resource Balancing                        ; On                 ; On                 ;
; Ignore translate_off and synthesis_off directives                          ; Off                ; Off                ;
; Timing-Driven Synthesis                                                    ; On                 ; On                 ;
; Report Parameter Settings                                                  ; On                 ; On                 ;
; Report Source Assignments                                                  ; On                 ; On                 ;
; Report Connectivity Checks                                                 ; On                 ; On                 ;
; Ignore Maximum Fan-Out Assignments                                         ; Off                ; Off                ;
; Synchronization Register Chain Length                                      ; 2                  ; 2                  ;
; PowerPlay Power Optimization                                               ; Normal compilation ; Normal compilation ;
; HDL message level                                                          ; Level2             ; Level2             ;
; Suppress Register Optimization Related Messages                            ; Off                ; Off                ;
; Number of Removed Registers Reported in Synthesis Report                   ; 5000               ; 5000               ;
; Number of Swept Nodes Reported in Synthesis Report                         ; 5000               ; 5000               ;
; Number of Inverted Registers Reported in Synthesis Report                  ; 100                ; 100                ;
; Clock MUX Protection                                                       ; On                 ; On                 ;
; Auto Gated Clock Conversion                                                ; Off                ; Off                ;
; Block Design Naming                                                        ; Auto               ; Auto               ;
; SDC constraint protection                                                  ; Off                ; Off                ;
; Synthesis Effort                                                           ; Auto               ; Auto               ;
; Shift Register Replacement - Allow Asynchronous Clear Signal               ; On                 ; On                 ;
; Pre-Mapping Resynthesis Optimization                                       ; Off                ; Off                ;
; Analysis & Synthesis Message Level                                         ; Medium             ; Medium             ;
; Disable Register Merging Across Hierarchies                                ; Auto               ; Auto               ;
; Resource Aware Inference For Block RAM                                     ; On                 ; On                 ;
; Synthesis Seed                                                             ; 1                  ; 1                  ;
+----------------------------------------------------------------------------+--------------------+--------------------+


Parallel compilation was disabled, but you have multiple processors available. Enable parallel compilation to reduce compilation time.
+-------------------------------------+
; Parallel Compilation                ;
+----------------------------+--------+
; Processors                 ; Number ;
+----------------------------+--------+
; Number detected on machine ; 4      ;
; Maximum allowed            ; 1      ;
+----------------------------+--------+


+------------------------------------------------------------------------------------------------------------------------------------------------------------------------------+
; Analysis & Synthesis Source Files Read                                                                                                                                       ;
+----------------------------------+-----------------+----------------------------------------+----------------------------------------------------------------------+---------+
; File Name with User-Entered Path ; Used in Netlist ; File Type                              ; File Name with Absolute Path                                         ; Library ;
+----------------------------------+-----------------+----------------------------------------+----------------------------------------------------------------------+---------+
; debouncer.v                      ; yes             ; User Verilog HDL File                  ; C:/Users/Fernanda Rodrigues/Desktop/tp/debouncer.v                   ;         ;
; pipeline.v                       ; yes             ; User Verilog HDL File                  ; C:/Users/Fernanda Rodrigues/Desktop/tp/pipeline.v                    ;         ;
; displayDecoder.v                 ; yes             ; User Verilog HDL File                  ; C:/Users/Fernanda Rodrigues/Desktop/tp/displayDecoder.v              ;         ;
; memory.vhd                       ; yes             ; User Wizard-Generated File             ; C:/Users/Fernanda Rodrigues/Desktop/tp/memory.vhd                    ;         ;
; altsyncram.tdf                   ; yes             ; Megafunction                           ; c:/altera/13.1/quartus/libraries/megafunctions/altsyncram.tdf        ;         ;
; stratix_ram_block.inc            ; yes             ; Megafunction                           ; c:/altera/13.1/quartus/libraries/megafunctions/stratix_ram_block.inc ;         ;
; lpm_mux.inc                      ; yes             ; Megafunction                           ; c:/altera/13.1/quartus/libraries/megafunctions/lpm_mux.inc           ;         ;
; lpm_decode.inc                   ; yes             ; Megafunction                           ; c:/altera/13.1/quartus/libraries/megafunctions/lpm_decode.inc        ;         ;
; aglobal131.inc                   ; yes             ; Megafunction                           ; c:/altera/13.1/quartus/libraries/megafunctions/aglobal131.inc        ;         ;
; a_rdenreg.inc                    ; yes             ; Megafunction                           ; c:/altera/13.1/quartus/libraries/megafunctions/a_rdenreg.inc         ;         ;
; altrom.inc                       ; yes             ; Megafunction                           ; c:/altera/13.1/quartus/libraries/megafunctions/altrom.inc            ;         ;
; altram.inc                       ; yes             ; Megafunction                           ; c:/altera/13.1/quartus/libraries/megafunctions/altram.inc            ;         ;
; altdpram.inc                     ; yes             ; Megafunction                           ; c:/altera/13.1/quartus/libraries/megafunctions/altdpram.inc          ;         ;
; db/altsyncram_hhr3.tdf           ; yes             ; Auto-Generated Megafunction            ; C:/Users/Fernanda Rodrigues/Desktop/tp/db/altsyncram_hhr3.tdf        ;         ;
; mem_inst.mif                     ; yes             ; Auto-Found Memory Initialization File  ; C:/Users/Fernanda Rodrigues/Desktop/tp/mem_inst.mif                  ;         ;
; db/altsyncram_rbi1.tdf           ; yes             ; Auto-Generated Megafunction            ; C:/Users/Fernanda Rodrigues/Desktop/tp/db/altsyncram_rbi1.tdf        ;         ;
; lpm_mult.tdf                     ; yes             ; Megafunction                           ; c:/altera/13.1/quartus/libraries/megafunctions/lpm_mult.tdf          ;         ;
; lpm_add_sub.inc                  ; yes             ; Megafunction                           ; c:/altera/13.1/quartus/libraries/megafunctions/lpm_add_sub.inc       ;         ;
; multcore.inc                     ; yes             ; Megafunction                           ; c:/altera/13.1/quartus/libraries/megafunctions/multcore.inc          ;         ;
; bypassff.inc                     ; yes             ; Megafunction                           ; c:/altera/13.1/quartus/libraries/megafunctions/bypassff.inc          ;         ;
; altshift.inc                     ; yes             ; Megafunction                           ; c:/altera/13.1/quartus/libraries/megafunctions/altshift.inc          ;         ;
; db/mult_7dt.tdf                  ; yes             ; Auto-Generated Megafunction            ; C:/Users/Fernanda Rodrigues/Desktop/tp/db/mult_7dt.tdf               ;         ;
+----------------------------------+-----------------+----------------------------------------+----------------------------------------------------------------------+---------+


+-------------------------------------------------------+
; Analysis & Synthesis Resource Usage Summary           ;
+---------------------------------------------+---------+
; Resource                                    ; Usage   ;
+---------------------------------------------+---------+
; Estimated Total logic elements              ; 436     ;
;                                             ;         ;
; Total combinational functions               ; 344     ;
; Logic element usage by number of LUT inputs ;         ;
;     -- 4 input functions                    ; 151     ;
;     -- 3 input functions                    ; 108     ;
;     -- <=2 input functions                  ; 85      ;
;                                             ;         ;
; Logic elements by mode                      ;         ;
;     -- normal mode                          ; 227     ;
;     -- arithmetic mode                      ; 117     ;
;                                             ;         ;
; Total registers                             ; 204     ;
;     -- Dedicated logic registers            ; 204     ;
;     -- I/O registers                        ; 0       ;
;                                             ;         ;
; I/O pins                                    ; 88      ;
; Total memory bits                           ; 16896   ;
; Embedded Multiplier 9-bit elements          ; 2       ;
; Maximum fan-out node                        ; clk[25] ;
; Maximum fan-out                             ; 207     ;
; Total fan-out                               ; 2341    ;
; Average fan-out                             ; 3.02    ;
+---------------------------------------------+---------+


+---------------------------------------------------------------------------------------------------------------------------------------------------------------------------------------------------------------------------------------------------------------------------+
; Analysis & Synthesis Resource Utilization by Entity                                                                                                                                                                                                                       ;
+-------------------------------------------+-------------------+--------------+-------------+--------------+---------+-----------+------+--------------+----------------------------------------------------------------------------------------------------+--------------+
; Compilation Hierarchy Node                ; LC Combinationals ; LC Registers ; Memory Bits ; DSP Elements ; DSP 9x9 ; DSP 18x18 ; Pins ; Virtual Pins ; Full Hierarchy Name                                                                                ; Library Name ;
+-------------------------------------------+-------------------+--------------+-------------+--------------+---------+-----------+------+--------------+----------------------------------------------------------------------------------------------------+--------------+
; |pipeline                                 ; 344 (269)         ; 204 (183)    ; 16896       ; 2            ; 0       ; 1         ; 88   ; 0            ; |pipeline                                                                                          ; work         ;
;    |altsyncram:registers_rtl_0|           ; 0 (0)             ; 0 (0)        ; 256         ; 0            ; 0       ; 0         ; 0    ; 0            ; |pipeline|altsyncram:registers_rtl_0                                                               ; work         ;
;       |altsyncram_rbi1:auto_generated|    ; 0 (0)             ; 0 (0)        ; 256         ; 0            ; 0       ; 0         ; 0    ; 0            ; |pipeline|altsyncram:registers_rtl_0|altsyncram_rbi1:auto_generated                                ; work         ;
;    |altsyncram:registers_rtl_1|           ; 0 (0)             ; 0 (0)        ; 256         ; 0            ; 0       ; 0         ; 0    ; 0            ; |pipeline|altsyncram:registers_rtl_1                                                               ; work         ;
;       |altsyncram_rbi1:auto_generated|    ; 0 (0)             ; 0 (0)        ; 256         ; 0            ; 0       ; 0         ; 0    ; 0            ; |pipeline|altsyncram:registers_rtl_1|altsyncram_rbi1:auto_generated                                ; work         ;
;    |debouncer:dbk0|                       ; 26 (26)           ; 21 (21)      ; 0           ; 0            ; 0       ; 0         ; 0    ; 0            ; |pipeline|debouncer:dbk0                                                                           ; work         ;
;    |displayDecoder:DP7_0|                 ; 7 (7)             ; 0 (0)        ; 0           ; 0            ; 0       ; 0         ; 0    ; 0            ; |pipeline|displayDecoder:DP7_0                                                                     ; work         ;
;    |displayDecoder:DP7_1|                 ; 7 (7)             ; 0 (0)        ; 0           ; 0            ; 0       ; 0         ; 0    ; 0            ; |pipeline|displayDecoder:DP7_1                                                                     ; work         ;
;    |displayDecoder:DP7_3|                 ; 7 (7)             ; 0 (0)        ; 0           ; 0            ; 0       ; 0         ; 0    ; 0            ; |pipeline|displayDecoder:DP7_3                                                                     ; work         ;
;    |displayDecoder:DP7_4|                 ; 7 (7)             ; 0 (0)        ; 0           ; 0            ; 0       ; 0         ; 0    ; 0            ; |pipeline|displayDecoder:DP7_4                                                                     ; work         ;
;    |displayDecoder:DP7_5|                 ; 7 (7)             ; 0 (0)        ; 0           ; 0            ; 0       ; 0         ; 0    ; 0            ; |pipeline|displayDecoder:DP7_5                                                                     ; work         ;
;    |displayDecoder:DP7_6|                 ; 7 (7)             ; 0 (0)        ; 0           ; 0            ; 0       ; 0         ; 0    ; 0            ; |pipeline|displayDecoder:DP7_6                                                                     ; work         ;
;    |displayDecoder:DP7_7|                 ; 7 (7)             ; 0 (0)        ; 0           ; 0            ; 0       ; 0         ; 0    ; 0            ; |pipeline|displayDecoder:DP7_7                                                                     ; work         ;
;    |lpm_mult:Mult0|                       ; 0 (0)             ; 0 (0)        ; 0           ; 2            ; 0       ; 1         ; 0    ; 0            ; |pipeline|lpm_mult:Mult0                                                                           ; work         ;
;       |mult_7dt:auto_generated|           ; 0 (0)             ; 0 (0)        ; 0           ; 2            ; 0       ; 1         ; 0    ; 0            ; |pipeline|lpm_mult:Mult0|mult_7dt:auto_generated                                                   ; work         ;
;    |memory:memoriaDeInstrucao|            ; 0 (0)             ; 0 (0)        ; 16384       ; 0            ; 0       ; 0         ; 0    ; 0            ; |pipeline|memory:memoriaDeInstrucao                                                                ; work         ;
;       |altsyncram:altsyncram_component|   ; 0 (0)             ; 0 (0)        ; 16384       ; 0            ; 0       ; 0         ; 0    ; 0            ; |pipeline|memory:memoriaDeInstrucao|altsyncram:altsyncram_component                                ; work         ;
;          |altsyncram_hhr3:auto_generated| ; 0 (0)             ; 0 (0)        ; 16384       ; 0            ; 0       ; 0         ; 0    ; 0            ; |pipeline|memory:memoriaDeInstrucao|altsyncram:altsyncram_component|altsyncram_hhr3:auto_generated ; work         ;
+-------------------------------------------+-------------------+--------------+-------------+--------------+---------+-----------+------+--------------+----------------------------------------------------------------------------------------------------+--------------+
Note: For table entries with two numbers listed, the numbers in parentheses indicate the number of resources of the given type used by the specific entity alone. The numbers listed outside of parentheses indicate the total resources of the given type used by the specific entity and all of its sub-entities in the hierarchy.


+------------------------------------------------------------------------------------------------------------------------------------------------------------------------------------------------------------------+
; Analysis & Synthesis RAM Summary                                                                                                                                                                                 ;
+-----------------------------------------------------------------------------------------------------+------+------------------+--------------+--------------+--------------+--------------+-------+--------------+
; Name                                                                                                ; Type ; Mode             ; Port A Depth ; Port A Width ; Port B Depth ; Port B Width ; Size  ; MIF          ;
+-----------------------------------------------------------------------------------------------------+------+------------------+--------------+--------------+--------------+--------------+-------+--------------+
; altsyncram:registers_rtl_0|altsyncram_rbi1:auto_generated|ALTSYNCRAM                                ; AUTO ; Simple Dual Port ; 16           ; 16           ; 16           ; 16           ; 256   ; None         ;
; altsyncram:registers_rtl_1|altsyncram_rbi1:auto_generated|ALTSYNCRAM                                ; AUTO ; Simple Dual Port ; 16           ; 16           ; 16           ; 16           ; 256   ; None         ;
; memory:memoriaDeInstrucao|altsyncram:altsyncram_component|altsyncram_hhr3:auto_generated|ALTSYNCRAM ; AUTO ; ROM              ; 1024         ; 16           ; --           ; --           ; 16384 ; mem_inst.mif ;
+-----------------------------------------------------------------------------------------------------+------+------------------+--------------+--------------+--------------+--------------+-------+--------------+


+-----------------------------------------------------+
; Analysis & Synthesis DSP Block Usage Summary        ;
+---------------------------------------+-------------+
; Statistic                             ; Number Used ;
+---------------------------------------+-------------+
; Simple Multipliers (9-bit)            ; 0           ;
; Simple Multipliers (18-bit)           ; 1           ;
; Embedded Multiplier Blocks            ; --          ;
; Embedded Multiplier 9-bit elements    ; 2           ;
; Signed Embedded Multipliers           ; 0           ;
; Unsigned Embedded Multipliers         ; 1           ;
; Mixed Sign Embedded Multipliers       ; 0           ;
; Variable Sign Embedded Multipliers    ; 0           ;
; Dedicated Input Shift Register Chains ; 0           ;
+---------------------------------------+-------------+
Note: number of Embedded Multiplier Blocks used is only available after a successful fit.


+---------------------------------------------------------------------------------------------------------------------------------------------------------+
; Analysis & Synthesis IP Cores Summary                                                                                                                   ;
+--------+--------------+---------+--------------+--------------+-------------------------------------+---------------------------------------------------+
; Vendor ; IP Core Name ; Version ; Release Date ; License Type ; Entity Instance                     ; IP Include File                                   ;
+--------+--------------+---------+--------------+--------------+-------------------------------------+---------------------------------------------------+
; Altera ; ROM: 1-PORT  ; 13.1    ; N/A          ; N/A          ; |pipeline|memory:memoriaDeInstrucao ; C:/Users/Fernanda Rodrigues/Desktop/tp/memory.vhd ;
+--------+--------------+---------+--------------+--------------+-------------------------------------+---------------------------------------------------+


Encoding Type:  One-Hot
+---------------------------------+
; State Machine - |pipeline|START ;
+---------+-----------------------+
; Name    ; START.1               ;
+---------+-----------------------+
; START.0 ; 0                     ;
; START.1 ; 1                     ;
+---------+-----------------------+


+---------------------------------------------------------------------------------+
; Registers Removed During Synthesis                                              ;
+----------------------------------------+----------------------------------------+
; Register name                          ; Reason for Removal                     ;
+----------------------------------------+----------------------------------------+
; COUNT[1..31]                           ; Stuck at GND due to stuck port data_in ;
; COUNT[0]                               ; Lost fanout                            ;
; CICLO[8,9]                             ; Lost fanout                            ;
; clk[26..31]                            ; Lost fanout                            ;
; Total Number of Removed Registers = 40 ;                                        ;
+----------------------------------------+----------------------------------------+


+-----------------------------------------------------------------------------+
; Removed Registers Triggering Further Register Optimizations                 ;
+---------------+--------------------+----------------------------------------+
; Register name ; Reason for Removal ; Registers Removed due to This Register ;
+---------------+--------------------+----------------------------------------+
; CICLO[9]      ; Lost Fanouts       ; CICLO[8]                               ;
+---------------+--------------------+----------------------------------------+


+------------------------------------------------------+
; General Register Statistics                          ;
+----------------------------------------------+-------+
; Statistic                                    ; Value ;
+----------------------------------------------+-------+
; Total registers                              ; 204   ;
; Number of registers using Synchronous Clear  ; 28    ;
; Number of registers using Synchronous Load   ; 4     ;
; Number of registers using Asynchronous Clear ; 0     ;
; Number of registers using Asynchronous Load  ; 0     ;
; Number of registers using Clock Enable       ; 105   ;
; Number of registers using Preset             ; 0     ;
+----------------------------------------------+-------+


+--------------------------------------------------+
; Inverted Register Statistics                     ;
+----------------------------------------+---------+
; Inverted Register                      ; Fan out ;
+----------------------------------------+---------+
; CICLO[0]                               ; 8       ;
; Total number of inverted registers = 1 ;         ;
+----------------------------------------+---------+


+----------------------------------------------+
; Registers Added for RAM Pass-Through Logic   ;
+----------------------------+-----------------+
; Register Name              ; RAM Name        ;
+----------------------------+-----------------+
; registers_rtl_0_bypass[0]  ; registers_rtl_0 ;
; registers_rtl_0_bypass[1]  ; registers_rtl_0 ;
; registers_rtl_0_bypass[2]  ; registers_rtl_0 ;
; registers_rtl_0_bypass[3]  ; registers_rtl_0 ;
; registers_rtl_0_bypass[4]  ; registers_rtl_0 ;
; registers_rtl_0_bypass[5]  ; registers_rtl_0 ;
; registers_rtl_0_bypass[6]  ; registers_rtl_0 ;
; registers_rtl_0_bypass[7]  ; registers_rtl_0 ;
; registers_rtl_0_bypass[8]  ; registers_rtl_0 ;
; registers_rtl_0_bypass[9]  ; registers_rtl_0 ;
; registers_rtl_0_bypass[10] ; registers_rtl_0 ;
; registers_rtl_0_bypass[11] ; registers_rtl_0 ;
; registers_rtl_0_bypass[12] ; registers_rtl_0 ;
; registers_rtl_0_bypass[13] ; registers_rtl_0 ;
; registers_rtl_0_bypass[14] ; registers_rtl_0 ;
; registers_rtl_0_bypass[15] ; registers_rtl_0 ;
; registers_rtl_0_bypass[16] ; registers_rtl_0 ;
; registers_rtl_0_bypass[17] ; registers_rtl_0 ;
; registers_rtl_0_bypass[18] ; registers_rtl_0 ;
; registers_rtl_0_bypass[19] ; registers_rtl_0 ;
; registers_rtl_0_bypass[20] ; registers_rtl_0 ;
; registers_rtl_0_bypass[21] ; registers_rtl_0 ;
; registers_rtl_0_bypass[22] ; registers_rtl_0 ;
; registers_rtl_0_bypass[23] ; registers_rtl_0 ;
; registers_rtl_0_bypass[24] ; registers_rtl_0 ;
; registers_rtl_1_bypass[0]  ; registers_rtl_1 ;
; registers_rtl_1_bypass[1]  ; registers_rtl_1 ;
; registers_rtl_1_bypass[2]  ; registers_rtl_1 ;
; registers_rtl_1_bypass[3]  ; registers_rtl_1 ;
; registers_rtl_1_bypass[4]  ; registers_rtl_1 ;
; registers_rtl_1_bypass[5]  ; registers_rtl_1 ;
; registers_rtl_1_bypass[6]  ; registers_rtl_1 ;
; registers_rtl_1_bypass[7]  ; registers_rtl_1 ;
; registers_rtl_1_bypass[8]  ; registers_rtl_1 ;
; registers_rtl_1_bypass[9]  ; registers_rtl_1 ;
; registers_rtl_1_bypass[10] ; registers_rtl_1 ;
; registers_rtl_1_bypass[11] ; registers_rtl_1 ;
; registers_rtl_1_bypass[12] ; registers_rtl_1 ;
; registers_rtl_1_bypass[13] ; registers_rtl_1 ;
; registers_rtl_1_bypass[14] ; registers_rtl_1 ;
; registers_rtl_1_bypass[15] ; registers_rtl_1 ;
; registers_rtl_1_bypass[16] ; registers_rtl_1 ;
; registers_rtl_1_bypass[17] ; registers_rtl_1 ;
; registers_rtl_1_bypass[18] ; registers_rtl_1 ;
; registers_rtl_1_bypass[19] ; registers_rtl_1 ;
; registers_rtl_1_bypass[20] ; registers_rtl_1 ;
; registers_rtl_1_bypass[21] ; registers_rtl_1 ;
; registers_rtl_1_bypass[22] ; registers_rtl_1 ;
; registers_rtl_1_bypass[23] ; registers_rtl_1 ;
; registers_rtl_1_bypass[24] ; registers_rtl_1 ;
+----------------------------+-----------------+


+----------------------------------------------+
; Registers Packed Into Inferred Megafunctions ;
+---------------+-----------------+------------+
; Register Name ; Megafunction    ; Type       ;
+---------------+-----------------+------------+
; IRD[0..3]     ; registers_rtl_1 ; RAM        ;
+---------------+-----------------+------------+


+------------------------------------------------------------------------------------------------------------------------------------------+
; Multiplexer Restructuring Statistics (Restructuring Performed)                                                                           ;
+--------------------+-----------+---------------+----------------------+------------------------+------------+----------------------------+
; Multiplexer Inputs ; Bus Width ; Baseline Area ; Area if Restructured ; Saving if Restructured ; Registered ; Example Multiplexer Output ;
+--------------------+-----------+---------------+----------------------+------------------------+------------+----------------------------+
; 3:1                ; 4 bits    ; 8 LEs         ; 0 LEs                ; 8 LEs                  ; Yes        ; |pipeline|IRW[11]          ;
; 4:1                ; 32 bits   ; 64 LEs        ; 64 LEs               ; 0 LEs                  ; Yes        ; |pipeline|COUNT[8]         ;
; 4:1                ; 10 bits   ; 20 LEs        ; 10 LEs               ; 10 LEs                 ; Yes        ; |pipeline|PC[3]            ;
; 18:1               ; 15 bits   ; 180 LEs       ; 90 LEs               ; 90 LEs                 ; Yes        ; |pipeline|saida_ulaW[3]    ;
; 3:1                ; 4 bits    ; 8 LEs         ; 8 LEs                ; 0 LEs                  ; Yes        ; |pipeline|R1E[0]           ;
; 3:1                ; 12 bits   ; 24 LEs        ; 24 LEs               ; 0 LEs                  ; Yes        ; |pipeline|R1E[6]           ;
; 3:1                ; 2 bits    ; 4 LEs         ; 4 LEs                ; 0 LEs                  ; No         ; |pipeline|START            ;
+--------------------+-----------+---------------+----------------------+------------------------+------------+----------------------------+


+-----------------------------------------------------------------------------------------------------------------+
; Source assignments for memory:memoriaDeInstrucao|altsyncram:altsyncram_component|altsyncram_hhr3:auto_generated ;
+---------------------------------+--------------------+------+---------------------------------------------------+
; Assignment                      ; Value              ; From ; To                                                ;
+---------------------------------+--------------------+------+---------------------------------------------------+
; OPTIMIZE_POWER_DURING_SYNTHESIS ; NORMAL_COMPILATION ; -    ; -                                                 ;
+---------------------------------+--------------------+------+---------------------------------------------------+


+----------------------------------------------------------------------------------+
; Source assignments for altsyncram:registers_rtl_0|altsyncram_rbi1:auto_generated ;
+---------------------------------+--------------------+------+--------------------+
; Assignment                      ; Value              ; From ; To                 ;
+---------------------------------+--------------------+------+--------------------+
; OPTIMIZE_POWER_DURING_SYNTHESIS ; NORMAL_COMPILATION ; -    ; -                  ;
+---------------------------------+--------------------+------+--------------------+


+----------------------------------------------------------------------------------+
; Source assignments for altsyncram:registers_rtl_1|altsyncram_rbi1:auto_generated ;
+---------------------------------+--------------------+------+--------------------+
; Assignment                      ; Value              ; From ; To                 ;
+---------------------------------+--------------------+------+--------------------+
; OPTIMIZE_POWER_DURING_SYNTHESIS ; NORMAL_COMPILATION ; -    ; -                  ;
+---------------------------------+--------------------+------+--------------------+


+--------------------------------------------------------------------------------------------------------+
; Parameter Settings for User Entity Instance: memory:memoriaDeInstrucao|altsyncram:altsyncram_component ;
+------------------------------------+----------------------+--------------------------------------------+
; Parameter Name                     ; Value                ; Type                                       ;
+------------------------------------+----------------------+--------------------------------------------+
; BYTE_SIZE_BLOCK                    ; 8                    ; Untyped                                    ;
; AUTO_CARRY_CHAINS                  ; ON                   ; AUTO_CARRY                                 ;
; IGNORE_CARRY_BUFFERS               ; OFF                  ; IGNORE_CARRY                               ;
; AUTO_CASCADE_CHAINS                ; ON                   ; AUTO_CASCADE                               ;
; IGNORE_CASCADE_BUFFERS             ; OFF                  ; IGNORE_CASCADE                             ;
; WIDTH_BYTEENA                      ; 1                    ; Untyped                                    ;
; OPERATION_MODE                     ; ROM                  ; Untyped                                    ;
; WIDTH_A                            ; 16                   ; Signed Integer                             ;
; WIDTHAD_A                          ; 10                   ; Signed Integer                             ;
; NUMWORDS_A                         ; 1024                 ; Signed Integer                             ;
; OUTDATA_REG_A                      ; CLOCK0               ; Untyped                                    ;
; ADDRESS_ACLR_A                     ; NONE                 ; Untyped                                    ;
; OUTDATA_ACLR_A                     ; NONE                 ; Untyped                                    ;
; WRCONTROL_ACLR_A                   ; NONE                 ; Untyped                                    ;
; INDATA_ACLR_A                      ; NONE                 ; Untyped                                    ;
; BYTEENA_ACLR_A                     ; NONE                 ; Untyped                                    ;
; WIDTH_B                            ; 1                    ; Signed Integer                             ;
; WIDTHAD_B                          ; 1                    ; Signed Integer                             ;
; NUMWORDS_B                         ; 0                    ; Signed Integer                             ;
; INDATA_REG_B                       ; CLOCK1               ; Untyped                                    ;
; WRCONTROL_WRADDRESS_REG_B          ; CLOCK1               ; Untyped                                    ;
; RDCONTROL_REG_B                    ; CLOCK1               ; Untyped                                    ;
; ADDRESS_REG_B                      ; CLOCK1               ; Untyped                                    ;
; OUTDATA_REG_B                      ; UNREGISTERED         ; Untyped                                    ;
; BYTEENA_REG_B                      ; CLOCK1               ; Untyped                                    ;
; INDATA_ACLR_B                      ; NONE                 ; Untyped                                    ;
; WRCONTROL_ACLR_B                   ; NONE                 ; Untyped                                    ;
; ADDRESS_ACLR_B                     ; NONE                 ; Untyped                                    ;
; OUTDATA_ACLR_B                     ; NONE                 ; Untyped                                    ;
; RDCONTROL_ACLR_B                   ; NONE                 ; Untyped                                    ;
; BYTEENA_ACLR_B                     ; NONE                 ; Untyped                                    ;
; WIDTH_BYTEENA_A                    ; 1                    ; Signed Integer                             ;
; WIDTH_BYTEENA_B                    ; 1                    ; Signed Integer                             ;
; RAM_BLOCK_TYPE                     ; AUTO                 ; Untyped                                    ;
; BYTE_SIZE                          ; 8                    ; Signed Integer                             ;
; READ_DURING_WRITE_MODE_MIXED_PORTS ; DONT_CARE            ; Untyped                                    ;
; READ_DURING_WRITE_MODE_PORT_A      ; NEW_DATA_NO_NBE_READ ; Untyped                                    ;
; READ_DURING_WRITE_MODE_PORT_B      ; NEW_DATA_NO_NBE_READ ; Untyped                                    ;
; INIT_FILE                          ; mem_inst.mif         ; Untyped                                    ;
; INIT_FILE_LAYOUT                   ; PORT_A               ; Untyped                                    ;
; MAXIMUM_DEPTH                      ; 0                    ; Signed Integer                             ;
; CLOCK_ENABLE_INPUT_A               ; BYPASS               ; Untyped                                    ;
; CLOCK_ENABLE_INPUT_B               ; NORMAL               ; Untyped                                    ;
; CLOCK_ENABLE_OUTPUT_A              ; BYPASS               ; Untyped                                    ;
; CLOCK_ENABLE_OUTPUT_B              ; NORMAL               ; Untyped                                    ;
; CLOCK_ENABLE_CORE_A                ; USE_INPUT_CLKEN      ; Untyped                                    ;
; CLOCK_ENABLE_CORE_B                ; USE_INPUT_CLKEN      ; Untyped                                    ;
; ENABLE_ECC                         ; FALSE                ; Untyped                                    ;
; ECC_PIPELINE_STAGE_ENABLED         ; FALSE                ; Untyped                                    ;
; WIDTH_ECCSTATUS                    ; 3                    ; Signed Integer                             ;
; DEVICE_FAMILY                      ; Cyclone IV E         ; Untyped                                    ;
; CBXI_PARAMETER                     ; altsyncram_hhr3      ; Untyped                                    ;
+------------------------------------+----------------------+--------------------------------------------+
Note: In order to hide this table in the UI and the text report file, please set the "Show Parameter Settings in Synthesis Report" option in "Analysis and Synthesis Settings -> More Settings" to "Off".


+-----------------------------------------------------------------------------+
; Parameter Settings for Inferred Entity Instance: altsyncram:registers_rtl_0 ;
+------------------------------------+----------------------+-----------------+
; Parameter Name                     ; Value                ; Type            ;
+------------------------------------+----------------------+-----------------+
; BYTE_SIZE_BLOCK                    ; 8                    ; Untyped         ;
; AUTO_CARRY_CHAINS                  ; ON                   ; AUTO_CARRY      ;
; IGNORE_CARRY_BUFFERS               ; OFF                  ; IGNORE_CARRY    ;
; AUTO_CASCADE_CHAINS                ; ON                   ; AUTO_CASCADE    ;
; IGNORE_CASCADE_BUFFERS             ; OFF                  ; IGNORE_CASCADE  ;
; WIDTH_BYTEENA                      ; 1                    ; Untyped         ;
; OPERATION_MODE                     ; DUAL_PORT            ; Untyped         ;
; WIDTH_A                            ; 16                   ; Untyped         ;
; WIDTHAD_A                          ; 4                    ; Untyped         ;
; NUMWORDS_A                         ; 16                   ; Untyped         ;
; OUTDATA_REG_A                      ; UNREGISTERED         ; Untyped         ;
; ADDRESS_ACLR_A                     ; NONE                 ; Untyped         ;
; OUTDATA_ACLR_A                     ; NONE                 ; Untyped         ;
; WRCONTROL_ACLR_A                   ; NONE                 ; Untyped         ;
; INDATA_ACLR_A                      ; NONE                 ; Untyped         ;
; BYTEENA_ACLR_A                     ; NONE                 ; Untyped         ;
; WIDTH_B                            ; 16                   ; Untyped         ;
; WIDTHAD_B                          ; 4                    ; Untyped         ;
; NUMWORDS_B                         ; 16                   ; Untyped         ;
; INDATA_REG_B                       ; CLOCK1               ; Untyped         ;
; WRCONTROL_WRADDRESS_REG_B          ; CLOCK1               ; Untyped         ;
; RDCONTROL_REG_B                    ; CLOCK1               ; Untyped         ;
; ADDRESS_REG_B                      ; CLOCK0               ; Untyped         ;
; OUTDATA_REG_B                      ; UNREGISTERED         ; Untyped         ;
; BYTEENA_REG_B                      ; CLOCK1               ; Untyped         ;
; INDATA_ACLR_B                      ; NONE                 ; Untyped         ;
; WRCONTROL_ACLR_B                   ; NONE                 ; Untyped         ;
; ADDRESS_ACLR_B                     ; NONE                 ; Untyped         ;
; OUTDATA_ACLR_B                     ; NONE                 ; Untyped         ;
; RDCONTROL_ACLR_B                   ; NONE                 ; Untyped         ;
; BYTEENA_ACLR_B                     ; NONE                 ; Untyped         ;
; WIDTH_BYTEENA_A                    ; 1                    ; Untyped         ;
; WIDTH_BYTEENA_B                    ; 1                    ; Untyped         ;
; RAM_BLOCK_TYPE                     ; AUTO                 ; Untyped         ;
; BYTE_SIZE                          ; 8                    ; Untyped         ;
; READ_DURING_WRITE_MODE_MIXED_PORTS ; OLD_DATA             ; Untyped         ;
; READ_DURING_WRITE_MODE_PORT_A      ; NEW_DATA_NO_NBE_READ ; Untyped         ;
; READ_DURING_WRITE_MODE_PORT_B      ; NEW_DATA_NO_NBE_READ ; Untyped         ;
; INIT_FILE                          ; UNUSED               ; Untyped         ;
; INIT_FILE_LAYOUT                   ; PORT_A               ; Untyped         ;
; MAXIMUM_DEPTH                      ; 0                    ; Untyped         ;
; CLOCK_ENABLE_INPUT_A               ; NORMAL               ; Untyped         ;
; CLOCK_ENABLE_INPUT_B               ; NORMAL               ; Untyped         ;
; CLOCK_ENABLE_OUTPUT_A              ; NORMAL               ; Untyped         ;
; CLOCK_ENABLE_OUTPUT_B              ; NORMAL               ; Untyped         ;
; CLOCK_ENABLE_CORE_A                ; USE_INPUT_CLKEN      ; Untyped         ;
; CLOCK_ENABLE_CORE_B                ; USE_INPUT_CLKEN      ; Untyped         ;
; ENABLE_ECC                         ; FALSE                ; Untyped         ;
; ECC_PIPELINE_STAGE_ENABLED         ; FALSE                ; Untyped         ;
; WIDTH_ECCSTATUS                    ; 3                    ; Untyped         ;
; DEVICE_FAMILY                      ; Cyclone IV E         ; Untyped         ;
; CBXI_PARAMETER                     ; altsyncram_rbi1      ; Untyped         ;
+------------------------------------+----------------------+-----------------+
Note: In order to hide this table in the UI and the text report file, please set the "Show Parameter Settings in Synthesis Report" option in "Analysis and Synthesis Settings -> More Settings" to "Off".


+-----------------------------------------------------------------------------+
; Parameter Settings for Inferred Entity Instance: altsyncram:registers_rtl_1 ;
+------------------------------------+----------------------+-----------------+
; Parameter Name                     ; Value                ; Type            ;
+------------------------------------+----------------------+-----------------+
; BYTE_SIZE_BLOCK                    ; 8                    ; Untyped         ;
; AUTO_CARRY_CHAINS                  ; ON                   ; AUTO_CARRY      ;
; IGNORE_CARRY_BUFFERS               ; OFF                  ; IGNORE_CARRY    ;
; AUTO_CASCADE_CHAINS                ; ON                   ; AUTO_CASCADE    ;
; IGNORE_CASCADE_BUFFERS             ; OFF                  ; IGNORE_CASCADE  ;
; WIDTH_BYTEENA                      ; 1                    ; Untyped         ;
; OPERATION_MODE                     ; DUAL_PORT            ; Untyped         ;
; WIDTH_A                            ; 16                   ; Untyped         ;
; WIDTHAD_A                          ; 4                    ; Untyped         ;
; NUMWORDS_A                         ; 16                   ; Untyped         ;
; OUTDATA_REG_A                      ; UNREGISTERED         ; Untyped         ;
; ADDRESS_ACLR_A                     ; NONE                 ; Untyped         ;
; OUTDATA_ACLR_A                     ; NONE                 ; Untyped         ;
; WRCONTROL_ACLR_A                   ; NONE                 ; Untyped         ;
; INDATA_ACLR_A                      ; NONE                 ; Untyped         ;
; BYTEENA_ACLR_A                     ; NONE                 ; Untyped         ;
; WIDTH_B                            ; 16                   ; Untyped         ;
; WIDTHAD_B                          ; 4                    ; Untyped         ;
; NUMWORDS_B                         ; 16                   ; Untyped         ;
; INDATA_REG_B                       ; CLOCK1               ; Untyped         ;
; WRCONTROL_WRADDRESS_REG_B          ; CLOCK1               ; Untyped         ;
; RDCONTROL_REG_B                    ; CLOCK1               ; Untyped         ;
; ADDRESS_REG_B                      ; CLOCK0               ; Untyped         ;
; OUTDATA_REG_B                      ; UNREGISTERED         ; Untyped         ;
; BYTEENA_REG_B                      ; CLOCK1               ; Untyped         ;
; INDATA_ACLR_B                      ; NONE                 ; Untyped         ;
; WRCONTROL_ACLR_B                   ; NONE                 ; Untyped         ;
; ADDRESS_ACLR_B                     ; NONE                 ; Untyped         ;
; OUTDATA_ACLR_B                     ; NONE                 ; Untyped         ;
; RDCONTROL_ACLR_B                   ; NONE                 ; Untyped         ;
; BYTEENA_ACLR_B                     ; NONE                 ; Untyped         ;
; WIDTH_BYTEENA_A                    ; 1                    ; Untyped         ;
; WIDTH_BYTEENA_B                    ; 1                    ; Untyped         ;
; RAM_BLOCK_TYPE                     ; AUTO                 ; Untyped         ;
; BYTE_SIZE                          ; 8                    ; Untyped         ;
; READ_DURING_WRITE_MODE_MIXED_PORTS ; OLD_DATA             ; Untyped         ;
; READ_DURING_WRITE_MODE_PORT_A      ; NEW_DATA_NO_NBE_READ ; Untyped         ;
; READ_DURING_WRITE_MODE_PORT_B      ; NEW_DATA_NO_NBE_READ ; Untyped         ;
; INIT_FILE                          ; UNUSED               ; Untyped         ;
; INIT_FILE_LAYOUT                   ; PORT_A               ; Untyped         ;
; MAXIMUM_DEPTH                      ; 0                    ; Untyped         ;
; CLOCK_ENABLE_INPUT_A               ; NORMAL               ; Untyped         ;
; CLOCK_ENABLE_INPUT_B               ; NORMAL               ; Untyped         ;
; CLOCK_ENABLE_OUTPUT_A              ; NORMAL               ; Untyped         ;
; CLOCK_ENABLE_OUTPUT_B              ; NORMAL               ; Untyped         ;
; CLOCK_ENABLE_CORE_A                ; USE_INPUT_CLKEN      ; Untyped         ;
; CLOCK_ENABLE_CORE_B                ; USE_INPUT_CLKEN      ; Untyped         ;
; ENABLE_ECC                         ; FALSE                ; Untyped         ;
; ECC_PIPELINE_STAGE_ENABLED         ; FALSE                ; Untyped         ;
; WIDTH_ECCSTATUS                    ; 3                    ; Untyped         ;
; DEVICE_FAMILY                      ; Cyclone IV E         ; Untyped         ;
; CBXI_PARAMETER                     ; altsyncram_rbi1      ; Untyped         ;
+------------------------------------+----------------------+-----------------+
Note: In order to hide this table in the UI and the text report file, please set the "Show Parameter Settings in Synthesis Report" option in "Analysis and Synthesis Settings -> More Settings" to "Off".


+-------------------------------------------------------------------------------------+
; Parameter Settings for Inferred Entity Instance: lpm_mult:Mult0                     ;
+------------------------------------------------+--------------+---------------------+
; Parameter Name                                 ; Value        ; Type                ;
+------------------------------------------------+--------------+---------------------+
; AUTO_CARRY_CHAINS                              ; ON           ; AUTO_CARRY          ;
; IGNORE_CARRY_BUFFERS                           ; OFF          ; IGNORE_CARRY        ;
; AUTO_CASCADE_CHAINS                            ; ON           ; AUTO_CASCADE        ;
; IGNORE_CASCADE_BUFFERS                         ; OFF          ; IGNORE_CASCADE      ;
; LPM_WIDTHA                                     ; 16           ; Untyped             ;
; LPM_WIDTHB                                     ; 16           ; Untyped             ;
; LPM_WIDTHP                                     ; 32           ; Untyped             ;
; LPM_WIDTHR                                     ; 32           ; Untyped             ;
; LPM_WIDTHS                                     ; 1            ; Untyped             ;
; LPM_REPRESENTATION                             ; UNSIGNED     ; Untyped             ;
; LPM_PIPELINE                                   ; 0            ; Untyped             ;
; LATENCY                                        ; 0            ; Untyped             ;
; INPUT_A_IS_CONSTANT                            ; NO           ; Untyped             ;
; INPUT_B_IS_CONSTANT                            ; NO           ; Untyped             ;
; USE_EAB                                        ; OFF          ; Untyped             ;
; MAXIMIZE_SPEED                                 ; 6            ; Untyped             ;
; DEVICE_FAMILY                                  ; Cyclone IV E ; Untyped             ;
; CARRY_CHAIN                                    ; MANUAL       ; Untyped             ;
; APEX20K_TECHNOLOGY_MAPPER                      ; LUT          ; TECH_MAPPER_APEX20K ;
; DEDICATED_MULTIPLIER_CIRCUITRY                 ; AUTO         ; Untyped             ;
; DEDICATED_MULTIPLIER_MIN_INPUT_WIDTH_FOR_AUTO  ; 0            ; Untyped             ;
; DEDICATED_MULTIPLIER_MIN_OUTPUT_WIDTH_FOR_AUTO ; 0            ; Untyped             ;
; CBXI_PARAMETER                                 ; mult_7dt     ; Untyped             ;
; INPUT_A_FIXED_VALUE                            ; Bx           ; Untyped             ;
; INPUT_B_FIXED_VALUE                            ; Bx           ; Untyped             ;
; USE_AHDL_IMPLEMENTATION                        ; OFF          ; Untyped             ;
+------------------------------------------------+--------------+---------------------+
Note: In order to hide this table in the UI and the text report file, please set the "Show Parameter Settings in Synthesis Report" option in "Analysis and Synthesis Settings -> More Settings" to "Off".


+-------------------------------------------------------------------------------------------------------+
; altsyncram Parameter Settings by Entity Instance                                                      ;
+-------------------------------------------+-----------------------------------------------------------+
; Name                                      ; Value                                                     ;
+-------------------------------------------+-----------------------------------------------------------+
; Number of entity instances                ; 3                                                         ;
; Entity Instance                           ; memory:memoriaDeInstrucao|altsyncram:altsyncram_component ;
;     -- OPERATION_MODE                     ; ROM                                                       ;
;     -- WIDTH_A                            ; 16                                                        ;
;     -- NUMWORDS_A                         ; 1024                                                      ;
;     -- OUTDATA_REG_A                      ; CLOCK0                                                    ;
;     -- WIDTH_B                            ; 1                                                         ;
;     -- NUMWORDS_B                         ; 0                                                         ;
;     -- ADDRESS_REG_B                      ; CLOCK1                                                    ;
;     -- OUTDATA_REG_B                      ; UNREGISTERED                                              ;
;     -- RAM_BLOCK_TYPE                     ; AUTO                                                      ;
;     -- READ_DURING_WRITE_MODE_MIXED_PORTS ; DONT_CARE                                                 ;
; Entity Instance                           ; altsyncram:registers_rtl_0                                ;
;     -- OPERATION_MODE                     ; DUAL_PORT                                                 ;
;     -- WIDTH_A                            ; 16                                                        ;
;     -- NUMWORDS_A                         ; 16                                                        ;
;     -- OUTDATA_REG_A                      ; UNREGISTERED                                              ;
;     -- WIDTH_B                            ; 16                                                        ;
;     -- NUMWORDS_B                         ; 16                                                        ;
;     -- ADDRESS_REG_B                      ; CLOCK0                                                    ;
;     -- OUTDATA_REG_B                      ; UNREGISTERED                                              ;
;     -- RAM_BLOCK_TYPE                     ; AUTO                                                      ;
;     -- READ_DURING_WRITE_MODE_MIXED_PORTS ; OLD_DATA                                                  ;
; Entity Instance                           ; altsyncram:registers_rtl_1                                ;
;     -- OPERATION_MODE                     ; DUAL_PORT                                                 ;
;     -- WIDTH_A                            ; 16                                                        ;
;     -- NUMWORDS_A                         ; 16                                                        ;
;     -- OUTDATA_REG_A                      ; UNREGISTERED                                              ;
;     -- WIDTH_B                            ; 16                                                        ;
;     -- NUMWORDS_B                         ; 16                                                        ;
;     -- ADDRESS_REG_B                      ; CLOCK0                                                    ;
;     -- OUTDATA_REG_B                      ; UNREGISTERED                                              ;
;     -- RAM_BLOCK_TYPE                     ; AUTO                                                      ;
;     -- READ_DURING_WRITE_MODE_MIXED_PORTS ; OLD_DATA                                                  ;
+-------------------------------------------+-----------------------------------------------------------+


+--------------------------------------------------------+
; lpm_mult Parameter Settings by Entity Instance         ;
+---------------------------------------+----------------+
; Name                                  ; Value          ;
+---------------------------------------+----------------+
; Number of entity instances            ; 1              ;
; Entity Instance                       ; lpm_mult:Mult0 ;
;     -- LPM_WIDTHA                     ; 16             ;
;     -- LPM_WIDTHB                     ; 16             ;
;     -- LPM_WIDTHP                     ; 32             ;
;     -- LPM_REPRESENTATION             ; UNSIGNED       ;
;     -- INPUT_A_IS_CONSTANT            ; NO             ;
;     -- INPUT_B_IS_CONSTANT            ; NO             ;
;     -- USE_EAB                        ; OFF            ;
;     -- DEDICATED_MULTIPLIER_CIRCUITRY ; AUTO           ;
;     -- INPUT_A_FIXED_VALUE            ; Bx             ;
;     -- INPUT_B_FIXED_VALUE            ; Bx             ;
+---------------------------------------+----------------+


+----------------------------------------------------------------------------------------------------------------------------------------------------------------------------------------------------------------+
; Port Connectivity Checks: "displayDecoder:DP7_5"                                                                                                                                                               ;
+----------+-------+----------+----------------------------------------------------------------------------------------------------------------------------------------------------------------------------------+
; Port     ; Type  ; Severity ; Details                                                                                                                                                                          ;
+----------+-------+----------+----------------------------------------------------------------------------------------------------------------------------------------------------------------------------------+
; hexValue ; Input ; Warning  ; Input port expression (8 bits) is wider than the input port (4 bits) it drives.  The 4 most-significant bit(s) in the expression will be dangling if they have no other fanouts. ;
+----------+-------+----------+----------------------------------------------------------------------------------------------------------------------------------------------------------------------------------+


+----------------------------------------------------------------------------------------------------------------------------------------------------------------------------------------------------------------+
; Port Connectivity Checks: "displayDecoder:DP7_4"                                                                                                                                                               ;
+----------+-------+----------+----------------------------------------------------------------------------------------------------------------------------------------------------------------------------------+
; Port     ; Type  ; Severity ; Details                                                                                                                                                                          ;
+----------+-------+----------+----------------------------------------------------------------------------------------------------------------------------------------------------------------------------------+
; hexValue ; Input ; Warning  ; Input port expression (8 bits) is wider than the input port (4 bits) it drives.  The 4 most-significant bit(s) in the expression will be dangling if they have no other fanouts. ;
+----------+-------+----------+----------------------------------------------------------------------------------------------------------------------------------------------------------------------------------+


+--------------------------------------------------+
; Port Connectivity Checks: "displayDecoder:DP7_2" ;
+----------+-------+----------+--------------------+
; Port     ; Type  ; Severity ; Details            ;
+----------+-------+----------+--------------------+
; hexValue ; Input ; Info     ; Stuck at GND       ;
+----------+-------+----------+--------------------+


+----------------------------------------------------------------------------------------------------------------------------------------------------------------------------------------------------------------+
; Port Connectivity Checks: "displayDecoder:DP7_1"                                                                                                                                                               ;
+----------+-------+----------+----------------------------------------------------------------------------------------------------------------------------------------------------------------------------------+
; Port     ; Type  ; Severity ; Details                                                                                                                                                                          ;
+----------+-------+----------+----------------------------------------------------------------------------------------------------------------------------------------------------------------------------------+
; hexValue ; Input ; Warning  ; Input port expression (6 bits) is wider than the input port (4 bits) it drives.  The 2 most-significant bit(s) in the expression will be dangling if they have no other fanouts. ;
+----------+-------+----------+----------------------------------------------------------------------------------------------------------------------------------------------------------------------------------+


+-------------------------------+
; Elapsed Time Per Partition    ;
+----------------+--------------+
; Partition Name ; Elapsed Time ;
+----------------+--------------+
; Top            ; 00:00:02     ;
+----------------+--------------+


+-------------------------------+
; Analysis & Synthesis Messages ;
+-------------------------------+
Info: *******************************************************************
Info: Running Quartus II 64-Bit Analysis & Synthesis
    Info: Version 13.1.0 Build 162 10/23/2013 SJ Web Edition
    Info: Processing started: Wed Jun 20 14:20:25 2018
Info: Command: quartus_map --read_settings_files=on --write_settings_files=off tp2 -c tp2
Warning (20028): Parallel compilation is not licensed and has been disabled
Info (12021): Found 1 design units, including 1 entities, in source file debouncer.v
    Info (12023): Found entity 1: debouncer
Warning (10229): Verilog HDL Expression warning at pipeline.v(61): truncated literal to match 4 bits
Info (12021): Found 1 design units, including 1 entities, in source file pipeline.v
    Info (12023): Found entity 1: pipeline
Info (12021): Found 1 design units, including 1 entities, in source file displaydecoder.v
    Info (12023): Found entity 1: displayDecoder
Info (12021): Found 2 design units, including 1 entities, in source file memory.vhd
    Info (12022): Found design unit 1: memory-SYN
    Info (12023): Found entity 1: memory
Info (12127): Elaborating entity "pipeline" for the top level hierarchy
Warning (10230): Verilog HDL assignment warning at pipeline.v(103): truncated value with size 32 to match size of target (10)
Warning (10230): Verilog HDL assignment warning at pipeline.v(105): truncated value with size 32 to match size of target (10)
Warning (10034): Output port "LEDG[8..1]" at pipeline.v(5) has no driver
Info (12128): Elaborating entity "memory" for hierarchy "memory:memoriaDeInstrucao"
Info (12128): Elaborating entity "altsyncram" for hierarchy "memory:memoriaDeInstrucao|altsyncram:altsyncram_component"
Info (12130): Elaborated megafunction instantiation "memory:memoriaDeInstrucao|altsyncram:altsyncram_component"
Info (12133): Instantiated megafunction "memory:memoriaDeInstrucao|altsyncram:altsyncram_component" with the following parameter:
    Info (12134): Parameter "address_aclr_a" = "NONE"
    Info (12134): Parameter "address_aclr_b" = "NONE"
    Info (12134): Parameter "address_reg_b" = "CLOCK1"
    Info (12134): Parameter "byte_size" = "8"
    Info (12134): Parameter "byteena_aclr_a" = "UNUSED"
    Info (12134): Parameter "byteena_aclr_b" = "NONE"
    Info (12134): Parameter "byteena_reg_b" = "CLOCK1"
    Info (12134): Parameter "clock_enable_core_a" = "USE_INPUT_CLKEN"
    Info (12134): Parameter "clock_enable_core_b" = "USE_INPUT_CLKEN"
    Info (12134): Parameter "clock_enable_input_a" = "BYPASS"
    Info (12134): Parameter "clock_enable_input_b" = "NORMAL"
    Info (12134): Parameter "clock_enable_output_a" = "BYPASS"
    Info (12134): Parameter "clock_enable_output_b" = "NORMAL"
    Info (12134): Parameter "intended_device_family" = "Cyclone IV E"
    Info (12134): Parameter "ecc_pipeline_stage_enabled" = "FALSE"
    Info (12134): Parameter "enable_ecc" = "FALSE"
    Info (12134): Parameter "implement_in_les" = "OFF"
    Info (12134): Parameter "indata_aclr_a" = "UNUSED"
    Info (12134): Parameter "indata_aclr_b" = "NONE"
    Info (12134): Parameter "indata_reg_b" = "CLOCK1"
    Info (12134): Parameter "init_file" = "mem_inst.mif"
    Info (12134): Parameter "init_file_layout" = "PORT_A"
    Info (12134): Parameter "maximum_depth" = "0"
    Info (12134): Parameter "numwords_a" = "1024"
    Info (12134): Parameter "numwords_b" = "0"
    Info (12134): Parameter "operation_mode" = "ROM"
    Info (12134): Parameter "outdata_aclr_a" = "NONE"
    Info (12134): Parameter "outdata_aclr_b" = "NONE"
    Info (12134): Parameter "outdata_reg_a" = "CLOCK0"
    Info (12134): Parameter "outdata_reg_b" = "UNREGISTERED"
    Info (12134): Parameter "power_up_uninitialized" = "FALSE"
    Info (12134): Parameter "ram_block_type" = "AUTO"
    Info (12134): Parameter "rdcontrol_aclr_b" = "NONE"
    Info (12134): Parameter "rdcontrol_reg_b" = "CLOCK1"
    Info (12134): Parameter "read_during_write_mode_mixed_ports" = "DONT_CARE"
    Info (12134): Parameter "read_during_write_mode_port_a" = "NEW_DATA_NO_NBE_READ"
    Info (12134): Parameter "read_during_write_mode_port_b" = "NEW_DATA_NO_NBE_READ"
    Info (12134): Parameter "stratixiv_m144k_allow_dual_clocks" = "ON"
    Info (12134): Parameter "width_a" = "16"
    Info (12134): Parameter "width_b" = "1"
    Info (12134): Parameter "width_byteena_a" = "1"
    Info (12134): Parameter "width_byteena_b" = "1"
    Info (12134): Parameter "width_eccstatus" = "3"
    Info (12134): Parameter "widthad_a" = "10"
    Info (12134): Parameter "widthad_b" = "1"
    Info (12134): Parameter "wrcontrol_aclr_a" = "UNUSED"
    Info (12134): Parameter "wrcontrol_aclr_b" = "NONE"
    Info (12134): Parameter "wrcontrol_wraddress_reg_b" = "CLOCK1"
    Info (12134): Parameter "lpm_hint" = "ENABLE_RUNTIME_MOD=NO"
    Info (12134): Parameter "lpm_type" = "altsyncram"
Info (12021): Found 1 design units, including 1 entities, in source file db/altsyncram_hhr3.tdf
    Info (12023): Found entity 1: altsyncram_hhr3
Info (12128): Elaborating entity "altsyncram_hhr3" for hierarchy "memory:memoriaDeInstrucao|altsyncram:altsyncram_component|altsyncram_hhr3:auto_generated"
Info (12128): Elaborating entity "debouncer" for hierarchy "debouncer:dbk0"
Info (12128): Elaborating entity "displayDecoder" for hierarchy "displayDecoder:DP7_0"
Warning (276020): Inferred RAM node "registers_rtl_0" from synchronous design logic.  Pass-through logic has been added to match the read-during-write behavior of the original design.
Warning (276020): Inferred RAM node "registers_rtl_1" from synchronous design logic.  Pass-through logic has been added to match the read-during-write behavior of the original design.
Info (19000): Inferred 2 megafunctions from design logic
    Info (276029): Inferred altsyncram megafunction from the following design logic: "registers_rtl_0" 
        Info (286033): Parameter OPERATION_MODE set to DUAL_PORT
        Info (286033): Parameter WIDTH_A set to 16
        Info (286033): Parameter WIDTHAD_A set to 4
        Info (286033): Parameter NUMWORDS_A set to 16
        Info (286033): Parameter WIDTH_B set to 16
        Info (286033): Parameter WIDTHAD_B set to 4
        Info (286033): Parameter NUMWORDS_B set to 16
        Info (286033): Parameter ADDRESS_ACLR_A set to NONE
        Info (286033): Parameter OUTDATA_REG_B set to UNREGISTERED
        Info (286033): Parameter ADDRESS_ACLR_B set to NONE
        Info (286033): Parameter OUTDATA_ACLR_B set to NONE
        Info (286033): Parameter ADDRESS_REG_B set to CLOCK0
        Info (286033): Parameter INDATA_ACLR_A set to NONE
        Info (286033): Parameter WRCONTROL_ACLR_A set to NONE
        Info (286033): Parameter READ_DURING_WRITE_MODE_MIXED_PORTS set to OLD_DATA
    Info (276029): Inferred altsyncram megafunction from the following design logic: "registers_rtl_1" 
        Info (286033): Parameter OPERATION_MODE set to DUAL_PORT
        Info (286033): Parameter WIDTH_A set to 16
        Info (286033): Parameter WIDTHAD_A set to 4
        Info (286033): Parameter NUMWORDS_A set to 16
        Info (286033): Parameter WIDTH_B set to 16
        Info (286033): Parameter WIDTHAD_B set to 4
        Info (286033): Parameter NUMWORDS_B set to 16
        Info (286033): Parameter ADDRESS_ACLR_A set to NONE
        Info (286033): Parameter OUTDATA_REG_B set to UNREGISTERED
        Info (286033): Parameter ADDRESS_ACLR_B set to NONE
        Info (286033): Parameter OUTDATA_ACLR_B set to NONE
        Info (286033): Parameter ADDRESS_REG_B set to CLOCK0
        Info (286033): Parameter INDATA_ACLR_A set to NONE
        Info (286033): Parameter WRCONTROL_ACLR_A set to NONE
        Info (286033): Parameter READ_DURING_WRITE_MODE_MIXED_PORTS set to OLD_DATA
Info (278001): Inferred 1 megafunctions from design logic
    Info (278003): Inferred multiplier megafunction ("lpm_mult") from the following logic: "Mult0"
Info (12130): Elaborated megafunction instantiation "altsyncram:registers_rtl_0"
Info (12133): Instantiated megafunction "altsyncram:registers_rtl_0" with the following parameter:
    Info (12134): Parameter "OPERATION_MODE" = "DUAL_PORT"
    Info (12134): Parameter "WIDTH_A" = "16"
    Info (12134): Parameter "WIDTHAD_A" = "4"
    Info (12134): Parameter "NUMWORDS_A" = "16"
    Info (12134): Parameter "WIDTH_B" = "16"
    Info (12134): Parameter "WIDTHAD_B" = "4"
    Info (12134): Parameter "NUMWORDS_B" = "16"
    Info (12134): Parameter "ADDRESS_ACLR_A" = "NONE"
    Info (12134): Parameter "OUTDATA_REG_B" = "UNREGISTERED"
    Info (12134): Parameter "ADDRESS_ACLR_B" = "NONE"
    Info (12134): Parameter "OUTDATA_ACLR_B" = "NONE"
    Info (12134): Parameter "ADDRESS_REG_B" = "CLOCK0"
    Info (12134): Parameter "INDATA_ACLR_A" = "NONE"
    Info (12134): Parameter "WRCONTROL_ACLR_A" = "NONE"
    Info (12134): Parameter "READ_DURING_WRITE_MODE_MIXED_PORTS" = "OLD_DATA"
Info (12021): Found 1 design units, including 1 entities, in source file db/altsyncram_rbi1.tdf
    Info (12023): Found entity 1: altsyncram_rbi1
Info (12130): Elaborated megafunction instantiation "lpm_mult:Mult0"
Info (12133): Instantiated megafunction "lpm_mult:Mult0" with the following parameter:
    Info (12134): Parameter "LPM_WIDTHA" = "16"
    Info (12134): Parameter "LPM_WIDTHB" = "16"
    Info (12134): Parameter "LPM_WIDTHP" = "32"
    Info (12134): Parameter "LPM_WIDTHR" = "32"
    Info (12134): Parameter "LPM_WIDTHS" = "1"
    Info (12134): Parameter "LPM_REPRESENTATION" = "UNSIGNED"
    Info (12134): Parameter "INPUT_A_IS_CONSTANT" = "NO"
    Info (12134): Parameter "INPUT_B_IS_CONSTANT" = "NO"
    Info (12134): Parameter "MAXIMIZE_SPEED" = "6"
Info (12021): Found 1 design units, including 1 entities, in source file db/mult_7dt.tdf
    Info (12023): Found entity 1: mult_7dt
Warning (12241): 3 hierarchies have connectivity warnings - see the Connectivity Checks report folder
Warning (13024): Output pins are stuck at VCC or GND
    Warning (13410): Pin "LEDG[1]" is stuck at GND
    Warning (13410): Pin "LEDG[2]" is stuck at GND
    Warning (13410): Pin "LEDG[3]" is stuck at GND
    Warning (13410): Pin "LEDG[4]" is stuck at GND
    Warning (13410): Pin "LEDG[5]" is stuck at GND
    Warning (13410): Pin "LEDG[6]" is stuck at GND
    Warning (13410): Pin "LEDG[7]" is stuck at GND
    Warning (13410): Pin "LEDG[8]" is stuck at GND
    Warning (13410): Pin "HEX2[6]" is stuck at VCC
    Warning (13410): Pin "HEX2[5]" is stuck at GND
    Warning (13410): Pin "HEX2[4]" is stuck at GND
    Warning (13410): Pin "HEX2[3]" is stuck at GND
    Warning (13410): Pin "HEX2[2]" is stuck at GND
    Warning (13410): Pin "HEX2[1]" is stuck at GND
    Warning (13410): Pin "HEX2[0]" is stuck at GND
Info (286030): Timing-Driven Synthesis is running
Info (17049): 9 registers lost all their fanouts during netlist optimizations.
Info (144001): Generated suppressed messages file C:/Users/Fernanda Rodrigues/Desktop/tp/output_files/tp2.map.smsg
Info (16010): Generating hard_block partition "hard_block:auto_generated_inst"
    Info (16011): Adding 0 node(s), including 0 DDIO, 0 PLL, 0 transceiver and 0 LCELL
Warning (21074): Design contains 21 input pin(s) that do not drive logic
    Warning (15610): No output dependent on input pin "KEY[1]"
    Warning (15610): No output dependent on input pin "KEY[2]"
    Warning (15610): No output dependent on input pin "KEY[3]"
    Warning (15610): No output dependent on input pin "SW[0]"
    Warning (15610): No output dependent on input pin "SW[1]"
    Warning (15610): No output dependent on input pin "SW[2]"
    Warning (15610): No output dependent on input pin "SW[3]"
    Warning (15610): No output dependent on input pin "SW[4]"
    Warning (15610): No output dependent on input pin "SW[5]"
    Warning (15610): No output dependent on input pin "SW[6]"
    Warning (15610): No output dependent on input pin "SW[7]"
    Warning (15610): No output dependent on input pin "SW[8]"
    Warning (15610): No output dependent on input pin "SW[9]"
    Warning (15610): No output dependent on input pin "SW[10]"
    Warning (15610): No output dependent on input pin "SW[11]"
    Warning (15610): No output dependent on input pin "SW[12]"
    Warning (15610): No output dependent on input pin "SW[13]"
    Warning (15610): No output dependent on input pin "SW[14]"
    Warning (15610): No output dependent on input pin "SW[15]"
    Warning (15610): No output dependent on input pin "SW[16]"
    Warning (15610): No output dependent on input pin "SW[17]"
Info (21057): Implemented 575 device resources after synthesis - the final resource count might be different
    Info (21058): Implemented 23 input pins
    Info (21059): Implemented 65 output pins
    Info (21061): Implemented 437 logic cells
    Info (21064): Implemented 48 RAM segments
    Info (21062): Implemented 2 DSP elements
Info: Quartus II 64-Bit Analysis & Synthesis was successful. 0 errors, 46 warnings
    Info: Peak virtual memory: 603 megabytes
    Info: Processing ended: Wed Jun 20 14:20:33 2018
    Info: Elapsed time: 00:00:08
    Info: Total CPU time (on all processors): 00:00:06


+------------------------------------------+
; Analysis & Synthesis Suppressed Messages ;
+------------------------------------------+
The suppressed messages can be found in C:/Users/Fernanda Rodrigues/Desktop/tp/output_files/tp2.map.smsg.


