Analysis & Synthesis report for hal_4
Wed Dec  6 14:21:36 2017
Quartus Prime Version 17.0.0 Build 595 04/25/2017 SJ Lite Edition


---------------------
; Table of Contents ;
---------------------
  1. Legal Notice
  2. Analysis & Synthesis Summary
  3. Analysis & Synthesis Settings
  4. Parallel Compilation
  5. Analysis & Synthesis Source Files Read
  6. Analysis & Synthesis Resource Usage Summary
  7. Analysis & Synthesis Resource Utilization by Entity
  8. Analysis & Synthesis DSP Block Usage Summary
  9. Registers Removed During Synthesis
 10. General Register Statistics
 11. Multiplexer Restructuring Statistics (Restructuring Performed)
 12. Parameter Settings for Inferred Entity Instance: mult:mult_0|lpm_mult:Mult0
 13. lpm_mult Parameter Settings by Entity Instance
 14. Port Connectivity Checks: "mult:mult_0"
 15. Port Connectivity Checks: "mux_3:mux_pc"
 16. Post-Synthesis Netlist Statistics for Top Partition
 17. Elapsed Time Per Partition
 18. Analysis & Synthesis Messages
 19. Analysis & Synthesis Suppressed Messages



----------------
; Legal Notice ;
----------------
Copyright (C) 2017  Intel Corporation. All rights reserved.
Your use of Intel Corporation's design tools, logic functions 
and other software and tools, and its AMPP partner logic 
functions, and any output files from any of the foregoing 
(including device programming or simulation files), and any 
associated documentation or information are expressly subject 
to the terms and conditions of the Intel Program License 
Subscription Agreement, the Intel Quartus Prime License Agreement,
the Intel MegaCore Function License Agreement, or other 
applicable license agreement, including, without limitation, 
that your use is for the sole purpose of programming logic 
devices manufactured by Intel and sold by Intel or its 
authorized distributors.  Please refer to the applicable 
agreement for further details.



+----------------------------------------------------------------------------------+
; Analysis & Synthesis Summary                                                     ;
+------------------------------------+---------------------------------------------+
; Analysis & Synthesis Status        ; Successful - Wed Dec  6 14:21:36 2017       ;
; Quartus Prime Version              ; 17.0.0 Build 595 04/25/2017 SJ Lite Edition ;
; Revision Name                      ; hal_4                                       ;
; Top-level Entity Name              ; hal_4                                       ;
; Family                             ; Cyclone IV E                                ;
; Total logic elements               ; 1,142                                       ;
;     Total combinational functions  ; 860                                         ;
;     Dedicated logic registers      ; 390                                         ;
; Total registers                    ; 390                                         ;
; Total pins                         ; 92                                          ;
; Total virtual pins                 ; 0                                           ;
; Total memory bits                  ; 0                                           ;
; Embedded Multiplier 9-bit elements ; 2                                           ;
; Total PLLs                         ; 0                                           ;
+------------------------------------+---------------------------------------------+


+----------------------------------------------------------------------------------------------------------------------+
; Analysis & Synthesis Settings                                                                                        ;
+----------------------------------------------------------------------------+--------------------+--------------------+
; Option                                                                     ; Setting            ; Default Value      ;
+----------------------------------------------------------------------------+--------------------+--------------------+
; Device                                                                     ; EP4CE115F29C7      ;                    ;
; Top-level entity name                                                      ; hal_4              ; hal_4              ;
; Family name                                                                ; Cyclone IV E       ; Cyclone V          ;
; Maximum processors allowed for parallel compilation                        ; 2                  ;                    ;
; Use smart compilation                                                      ; Off                ; Off                ;
; Enable parallel Assembler and TimeQuest Timing Analyzer during compilation ; On                 ; On                 ;
; Enable compact report table                                                ; Off                ; Off                ;
; Restructure Multiplexers                                                   ; Auto               ; Auto               ;
; Create Debugging Nodes for IP Cores                                        ; Off                ; Off                ;
; Preserve fewer node names                                                  ; On                 ; On                 ;
; OpenCore Plus hardware evaluation                                          ; Enable             ; Enable             ;
; Verilog Version                                                            ; Verilog_2001       ; Verilog_2001       ;
; VHDL Version                                                               ; VHDL_1993          ; VHDL_1993          ;
; State Machine Processing                                                   ; Auto               ; Auto               ;
; Safe State Machine                                                         ; Off                ; Off                ;
; Extract Verilog State Machines                                             ; On                 ; On                 ;
; Extract VHDL State Machines                                                ; On                 ; On                 ;
; Ignore Verilog initial constructs                                          ; Off                ; Off                ;
; Iteration limit for constant Verilog loops                                 ; 5000               ; 5000               ;
; Iteration limit for non-constant Verilog loops                             ; 250                ; 250                ;
; Add Pass-Through Logic to Inferred RAMs                                    ; On                 ; On                 ;
; Infer RAMs from Raw Logic                                                  ; On                 ; On                 ;
; Parallel Synthesis                                                         ; On                 ; On                 ;
; DSP Block Balancing                                                        ; Auto               ; Auto               ;
; NOT Gate Push-Back                                                         ; On                 ; On                 ;
; Power-Up Don't Care                                                        ; On                 ; On                 ;
; Remove Redundant Logic Cells                                               ; Off                ; Off                ;
; Remove Duplicate Registers                                                 ; On                 ; On                 ;
; Ignore CARRY Buffers                                                       ; Off                ; Off                ;
; Ignore CASCADE Buffers                                                     ; Off                ; Off                ;
; Ignore GLOBAL Buffers                                                      ; Off                ; Off                ;
; Ignore ROW GLOBAL Buffers                                                  ; Off                ; Off                ;
; Ignore LCELL Buffers                                                       ; Off                ; Off                ;
; Ignore SOFT Buffers                                                        ; On                 ; On                 ;
; Limit AHDL Integers to 32 Bits                                             ; Off                ; Off                ;
; Optimization Technique                                                     ; Balanced           ; Balanced           ;
; Carry Chain Length                                                         ; 70                 ; 70                 ;
; Auto Carry Chains                                                          ; On                 ; On                 ;
; Auto Open-Drain Pins                                                       ; On                 ; On                 ;
; Perform WYSIWYG Primitive Resynthesis                                      ; Off                ; Off                ;
; Auto ROM Replacement                                                       ; On                 ; On                 ;
; Auto RAM Replacement                                                       ; On                 ; On                 ;
; Auto DSP Block Replacement                                                 ; On                 ; On                 ;
; Auto Shift Register Replacement                                            ; Auto               ; Auto               ;
; Allow Shift Register Merging across Hierarchies                            ; Auto               ; Auto               ;
; Auto Clock Enable Replacement                                              ; On                 ; On                 ;
; Strict RAM Replacement                                                     ; Off                ; Off                ;
; Allow Synchronous Control Signals                                          ; On                 ; On                 ;
; Force Use of Synchronous Clear Signals                                     ; Off                ; Off                ;
; Auto RAM Block Balancing                                                   ; On                 ; On                 ;
; Auto RAM to Logic Cell Conversion                                          ; Off                ; Off                ;
; Auto Resource Sharing                                                      ; Off                ; Off                ;
; Allow Any RAM Size For Recognition                                         ; Off                ; Off                ;
; Allow Any ROM Size For Recognition                                         ; Off                ; Off                ;
; Allow Any Shift Register Size For Recognition                              ; Off                ; Off                ;
; Use LogicLock Constraints during Resource Balancing                        ; On                 ; On                 ;
; Ignore translate_off and synthesis_off directives                          ; Off                ; Off                ;
; Timing-Driven Synthesis                                                    ; On                 ; On                 ;
; Report Parameter Settings                                                  ; On                 ; On                 ;
; Report Source Assignments                                                  ; On                 ; On                 ;
; Report Connectivity Checks                                                 ; On                 ; On                 ;
; Ignore Maximum Fan-Out Assignments                                         ; Off                ; Off                ;
; Synchronization Register Chain Length                                      ; 2                  ; 2                  ;
; PowerPlay Power Optimization During Synthesis                              ; Normal compilation ; Normal compilation ;
; HDL message level                                                          ; Level2             ; Level2             ;
; Suppress Register Optimization Related Messages                            ; Off                ; Off                ;
; Number of Removed Registers Reported in Synthesis Report                   ; 5000               ; 5000               ;
; Number of Swept Nodes Reported in Synthesis Report                         ; 5000               ; 5000               ;
; Number of Inverted Registers Reported in Synthesis Report                  ; 100                ; 100                ;
; Clock MUX Protection                                                       ; On                 ; On                 ;
; Auto Gated Clock Conversion                                                ; Off                ; Off                ;
; Block Design Naming                                                        ; Auto               ; Auto               ;
; SDC constraint protection                                                  ; Off                ; Off                ;
; Synthesis Effort                                                           ; Auto               ; Auto               ;
; Shift Register Replacement - Allow Asynchronous Clear Signal               ; On                 ; On                 ;
; Pre-Mapping Resynthesis Optimization                                       ; Off                ; Off                ;
; Analysis & Synthesis Message Level                                         ; Medium             ; Medium             ;
; Disable Register Merging Across Hierarchies                                ; Auto               ; Auto               ;
; Resource Aware Inference For Block RAM                                     ; On                 ; On                 ;
+----------------------------------------------------------------------------+--------------------+--------------------+


+------------------------------------------+
; Parallel Compilation                     ;
+----------------------------+-------------+
; Processors                 ; Number      ;
+----------------------------+-------------+
; Number detected on machine ; 4           ;
; Maximum allowed            ; 2           ;
;                            ;             ;
; Average used               ; 1.00        ;
; Maximum used               ; 2           ;
;                            ;             ;
; Usage by Processor         ; % Time Used ;
;     Processor 1            ; 100.0%      ;
;     Processor 2            ;   0.0%      ;
+----------------------------+-------------+


+-----------------------------------------------------------------------------------------------------------------------------------------------------------------------------------------+
; Analysis & Synthesis Source Files Read                                                                                                                                                  ;
+----------------------------------+-----------------+------------------------------+-------------------------------------------------------------------------------------------+---------+
; File Name with User-Entered Path ; Used in Netlist ; File Type                    ; File Name with Absolute Path                                                              ; Library ;
+----------------------------------+-----------------+------------------------------+-------------------------------------------------------------------------------------------+---------+
; bcd_7seg.v                       ; yes             ; User Verilog HDL File        ; /home/james/Documents/UFMG/oc2/tp5/hal_4/bcd_7seg.v                                       ;         ;
; hal_4.v                          ; yes             ; User Verilog HDL File        ; /home/james/Documents/UFMG/oc2/tp5/hal_4/hal_4.v                                          ;         ;
; mult.v                           ; yes             ; User Verilog HDL File        ; /home/james/Documents/UFMG/oc2/tp5/hal_4/mult.v                                           ;         ;
; control_unit.v                   ; yes             ; User Verilog HDL File        ; /home/james/Documents/UFMG/oc2/tp5/hal_4/control_unit.v                                   ;         ;
; mux.v                            ; yes             ; User Verilog HDL File        ; /home/james/Documents/UFMG/oc2/tp5/hal_4/mux.v                                            ;         ;
; register_bank.v                  ; yes             ; User Verilog HDL File        ; /home/james/Documents/UFMG/oc2/tp5/hal_4/register_bank.v                                  ;         ;
; debouncer.v                      ; yes             ; User Verilog HDL File        ; /home/james/Documents/UFMG/oc2/tp5/hal_4/debouncer.v                                      ;         ;
; alu.v                            ; yes             ; User Verilog HDL File        ; /home/james/Documents/UFMG/oc2/tp5/hal_4/alu.v                                            ;         ;
; lpm_mult.tdf                     ; yes             ; Megafunction                 ; /home/james/Programas/intelFPGA_lite/17.0/quartus/libraries/megafunctions/lpm_mult.tdf    ;         ;
; aglobal170.inc                   ; yes             ; Megafunction                 ; /home/james/Programas/intelFPGA_lite/17.0/quartus/libraries/megafunctions/aglobal170.inc  ;         ;
; lpm_add_sub.inc                  ; yes             ; Megafunction                 ; /home/james/Programas/intelFPGA_lite/17.0/quartus/libraries/megafunctions/lpm_add_sub.inc ;         ;
; multcore.inc                     ; yes             ; Megafunction                 ; /home/james/Programas/intelFPGA_lite/17.0/quartus/libraries/megafunctions/multcore.inc    ;         ;
; bypassff.inc                     ; yes             ; Megafunction                 ; /home/james/Programas/intelFPGA_lite/17.0/quartus/libraries/megafunctions/bypassff.inc    ;         ;
; altshift.inc                     ; yes             ; Megafunction                 ; /home/james/Programas/intelFPGA_lite/17.0/quartus/libraries/megafunctions/altshift.inc    ;         ;
; db/mult_36t.tdf                  ; yes             ; Auto-Generated Megafunction  ; /home/james/Documents/UFMG/oc2/tp5/hal_4/db/mult_36t.tdf                                  ;         ;
+----------------------------------+-----------------+------------------------------+-------------------------------------------------------------------------------------------+---------+


+-----------------------------------------------------------------------+
; Analysis & Synthesis Resource Usage Summary                           ;
+---------------------------------------------+-------------------------+
; Resource                                    ; Usage                   ;
+---------------------------------------------+-------------------------+
; Estimated Total logic elements              ; 1,142                   ;
;                                             ;                         ;
; Total combinational functions               ; 860                     ;
; Logic element usage by number of LUT inputs ;                         ;
;     -- 4 input functions                    ; 635                     ;
;     -- 3 input functions                    ; 137                     ;
;     -- <=2 input functions                  ; 88                      ;
;                                             ;                         ;
; Logic elements by mode                      ;                         ;
;     -- normal mode                          ; 783                     ;
;     -- arithmetic mode                      ; 77                      ;
;                                             ;                         ;
; Total registers                             ; 390                     ;
;     -- Dedicated logic registers            ; 390                     ;
;     -- I/O registers                        ; 0                       ;
;                                             ;                         ;
; I/O pins                                    ; 92                      ;
;                                             ;                         ;
; Embedded Multiplier 9-bit elements          ; 2                       ;
;                                             ;                         ;
; Maximum fan-out node                        ; debouncer:dbk3|PB_state ;
; Maximum fan-out                             ; 371                     ;
; Total fan-out                               ; 4784                    ;
; Average fan-out                             ; 3.33                    ;
+---------------------------------------------+-------------------------+


+----------------------------------------------------------------------------------------------------------------------------------------------------------------------------------------------------------------------------------------------------------+
; Analysis & Synthesis Resource Utilization by Entity                                                                                                                                                                                                      ;
+------------------------------------+---------------------+---------------------------+-------------+--------------+---------+-----------+------+--------------+-----------------------------------------------------------+---------------+--------------+
; Compilation Hierarchy Node         ; Combinational ALUTs ; Dedicated Logic Registers ; Memory Bits ; DSP Elements ; DSP 9x9 ; DSP 18x18 ; Pins ; Virtual Pins ; Full Hierarchy Name                                       ; Entity Name   ; Library Name ;
+------------------------------------+---------------------+---------------------------+-------------+--------------+---------+-----------+------+--------------+-----------------------------------------------------------+---------------+--------------+
; |hal_4                             ; 860 (102)           ; 390 (113)                 ; 0           ; 2            ; 0       ; 1         ; 92   ; 0            ; |hal_4                                                    ; hal_4         ; work         ;
;    |alu:alu_0|                     ; 161 (161)           ; 0 (0)                     ; 0           ; 0            ; 0       ; 0         ; 0    ; 0            ; |hal_4|alu:alu_0                                          ; alu           ; work         ;
;    |bcd_7seg:hex_0|                ; 7 (7)               ; 0 (0)                     ; 0           ; 0            ; 0       ; 0         ; 0    ; 0            ; |hal_4|bcd_7seg:hex_0                                     ; bcd_7seg      ; work         ;
;    |bcd_7seg:hex_1|                ; 7 (7)               ; 0 (0)                     ; 0           ; 0            ; 0       ; 0         ; 0    ; 0            ; |hal_4|bcd_7seg:hex_1                                     ; bcd_7seg      ; work         ;
;    |bcd_7seg:hex_2|                ; 7 (7)               ; 0 (0)                     ; 0           ; 0            ; 0       ; 0         ; 0    ; 0            ; |hal_4|bcd_7seg:hex_2                                     ; bcd_7seg      ; work         ;
;    |bcd_7seg:hex_3|                ; 7 (7)               ; 0 (0)                     ; 0           ; 0            ; 0       ; 0         ; 0    ; 0            ; |hal_4|bcd_7seg:hex_3                                     ; bcd_7seg      ; work         ;
;    |bcd_7seg:hex_4|                ; 7 (7)               ; 0 (0)                     ; 0           ; 0            ; 0       ; 0         ; 0    ; 0            ; |hal_4|bcd_7seg:hex_4                                     ; bcd_7seg      ; work         ;
;    |bcd_7seg:hex_5|                ; 7 (7)               ; 0 (0)                     ; 0           ; 0            ; 0       ; 0         ; 0    ; 0            ; |hal_4|bcd_7seg:hex_5                                     ; bcd_7seg      ; work         ;
;    |bcd_7seg:hex_6|                ; 7 (7)               ; 0 (0)                     ; 0           ; 0            ; 0       ; 0         ; 0    ; 0            ; |hal_4|bcd_7seg:hex_6                                     ; bcd_7seg      ; work         ;
;    |bcd_7seg:hex_7|                ; 7 (7)               ; 0 (0)                     ; 0           ; 0            ; 0       ; 0         ; 0    ; 0            ; |hal_4|bcd_7seg:hex_7                                     ; bcd_7seg      ; work         ;
;    |control_unit:ctl_unit|         ; 7 (7)               ; 0 (0)                     ; 0           ; 0            ; 0       ; 0         ; 0    ; 0            ; |hal_4|control_unit:ctl_unit                              ; control_unit  ; work         ;
;    |debouncer:dbk3|                ; 26 (26)             ; 21 (21)                   ; 0           ; 0            ; 0       ; 0         ; 0    ; 0            ; |hal_4|debouncer:dbk3                                     ; debouncer     ; work         ;
;    |mult:mult_0|                   ; 0 (0)               ; 0 (0)                     ; 0           ; 2            ; 0       ; 1         ; 0    ; 0            ; |hal_4|mult:mult_0                                        ; mult          ; work         ;
;       |lpm_mult:Mult0|             ; 0 (0)               ; 0 (0)                     ; 0           ; 2            ; 0       ; 1         ; 0    ; 0            ; |hal_4|mult:mult_0|lpm_mult:Mult0                         ; lpm_mult      ; work         ;
;          |mult_36t:auto_generated| ; 0 (0)               ; 0 (0)                     ; 0           ; 2            ; 0       ; 1         ; 0    ; 0            ; |hal_4|mult:mult_0|lpm_mult:Mult0|mult_36t:auto_generated ; mult_36t      ; work         ;
;    |mux_2:fwd_a|                   ; 16 (16)             ; 0 (0)                     ; 0           ; 0            ; 0       ; 0         ; 0    ; 0            ; |hal_4|mux_2:fwd_a                                        ; mux_2         ; work         ;
;    |mux_2:mux_b|                   ; 22 (22)             ; 0 (0)                     ; 0           ; 0            ; 0       ; 0         ; 0    ; 0            ; |hal_4|mux_2:mux_b                                        ; mux_2         ; work         ;
;    |mux_3:mux_pc|                  ; 5 (5)               ; 0 (0)                     ; 0           ; 0            ; 0       ; 0         ; 0    ; 0            ; |hal_4|mux_3:mux_pc                                       ; mux_3         ; work         ;
;    |mux_3:mux_wb|                  ; 24 (24)             ; 0 (0)                     ; 0           ; 0            ; 0       ; 0         ; 0    ; 0            ; |hal_4|mux_3:mux_wb                                       ; mux_3         ; work         ;
;    |mux_4:fwd_branch_s2|           ; 210 (210)           ; 0 (0)                     ; 0           ; 0            ; 0       ; 0         ; 0    ; 0            ; |hal_4|mux_4:fwd_branch_s2                                ; mux_4         ; work         ;
;    |mux_4:fwd_branch_s3|           ; 207 (207)           ; 0 (0)                     ; 0           ; 0            ; 0       ; 0         ; 0    ; 0            ; |hal_4|mux_4:fwd_branch_s3                                ; mux_4         ; work         ;
;    |register_bank:r_bank|          ; 24 (24)             ; 256 (256)                 ; 0           ; 0            ; 0       ; 0         ; 0    ; 0            ; |hal_4|register_bank:r_bank                               ; register_bank ; work         ;
+------------------------------------+---------------------+---------------------------+-------------+--------------+---------+-----------+------+--------------+-----------------------------------------------------------+---------------+--------------+
Note: For table entries with two numbers listed, the numbers in parentheses indicate the number of resources of the given type used by the specific entity alone. The numbers listed outside of parentheses indicate the total resources of the given type used by the specific entity and all of its sub-entities in the hierarchy.


+-----------------------------------------------------+
; Analysis & Synthesis DSP Block Usage Summary        ;
+---------------------------------------+-------------+
; Statistic                             ; Number Used ;
+---------------------------------------+-------------+
; Simple Multipliers (9-bit)            ; 0           ;
; Simple Multipliers (18-bit)           ; 1           ;
; Embedded Multiplier Blocks            ; --          ;
; Embedded Multiplier 9-bit elements    ; 2           ;
; Signed Embedded Multipliers           ; 1           ;
; Unsigned Embedded Multipliers         ; 0           ;
; Mixed Sign Embedded Multipliers       ; 0           ;
; Variable Sign Embedded Multipliers    ; 0           ;
; Dedicated Input Shift Register Chains ; 0           ;
+---------------------------------------+-------------+
Note: number of Embedded Multiplier Blocks used is only available after a successful fit.


+---------------------------------------------------------------------------------+
; Registers Removed During Synthesis                                              ;
+----------------------------------------+----------------------------------------+
; Register name                          ; Reason for Removal                     ;
+----------------------------------------+----------------------------------------+
; EX_immed[4..15]                        ; Stuck at GND due to stuck port data_in ;
; WB_hi[8..15]                           ; Stuck at GND due to stuck port data_in ;
; WB_lo[8..15]                           ; Stuck at GND due to stuck port data_in ;
; EX_s3[3]                               ; Merged with EX_immed[3]                ;
; EX_s3[2]                               ; Merged with EX_immed[2]                ;
; EX_s3[1]                               ; Merged with EX_immed[1]                ;
; EX_s3[0]                               ; Merged with EX_immed[0]                ;
; Total Number of Removed Registers = 32 ;                                        ;
+----------------------------------------+----------------------------------------+


+------------------------------------------------------+
; General Register Statistics                          ;
+----------------------------------------------+-------+
; Statistic                                    ; Value ;
+----------------------------------------------+-------+
; Total registers                              ; 390   ;
; Number of registers using Synchronous Clear  ; 18    ;
; Number of registers using Synchronous Load   ; 12    ;
; Number of registers using Asynchronous Clear ; 369   ;
; Number of registers using Asynchronous Load  ; 0     ;
; Number of registers using Clock Enable       ; 272   ;
; Number of registers using Preset             ; 0     ;
+----------------------------------------------+-------+


+--------------------------------------------------------------------------------------------------------------------------------------------------+
; Multiplexer Restructuring Statistics (Restructuring Performed)                                                                                   ;
+--------------------+-----------+---------------+----------------------+------------------------+------------+------------------------------------+
; Multiplexer Inputs ; Bus Width ; Baseline Area ; Area if Restructured ; Saving if Restructured ; Registered ; Example Multiplexer Output         ;
+--------------------+-----------+---------------+----------------------+------------------------+------------+------------------------------------+
; 3:1                ; 4 bits    ; 8 LEs         ; 8 LEs                ; 0 LEs                  ; Yes        ; |hal_4|PC[12]~reg0                 ;
; 3:1                ; 12 bits   ; 24 LEs        ; 24 LEs               ; 0 LEs                  ; Yes        ; |hal_4|PC[8]~reg0                  ;
; 4:1                ; 2 bits    ; 4 LEs         ; 2 LEs                ; 2 LEs                  ; Yes        ; |hal_4|EX_source_wb[1]             ;
; 3:1                ; 12 bits   ; 24 LEs        ; 24 LEs               ; 0 LEs                  ; No         ; |hal_4|mux_2:mux_b|out[8]          ;
; 3:1                ; 4 bits    ; 8 LEs         ; 8 LEs                ; 0 LEs                  ; No         ; |hal_4|mux_2:mux_b|out[2]          ;
; 3:1                ; 8 bits    ; 16 LEs        ; 16 LEs               ; 0 LEs                  ; No         ; |hal_4|mux_3:mux_wb|out[7]         ;
; 16:1               ; 14 bits   ; 140 LEs       ; 56 LEs               ; 84 LEs                 ; No         ; |hal_4|alu:alu_0|Mux14             ;
; 20:1               ; 8 bits    ; 104 LEs       ; 96 LEs               ; 8 LEs                  ; No         ; |hal_4|mux_4:fwd_branch_s2|out[13] ;
; 20:1               ; 8 bits    ; 104 LEs       ; 104 LEs              ; 0 LEs                  ; No         ; |hal_4|mux_4:fwd_branch_s2|out[0]  ;
; 20:1               ; 8 bits    ; 104 LEs       ; 96 LEs               ; 8 LEs                  ; No         ; |hal_4|mux_4:fwd_branch_s3|out[9]  ;
; 20:1               ; 8 bits    ; 104 LEs       ; 104 LEs              ; 0 LEs                  ; No         ; |hal_4|mux_4:fwd_branch_s3|out[6]  ;
+--------------------+-----------+---------------+----------------------+------------------------+------------+------------------------------------+


+-------------------------------------------------------------------------------------+
; Parameter Settings for Inferred Entity Instance: mult:mult_0|lpm_mult:Mult0         ;
+------------------------------------------------+--------------+---------------------+
; Parameter Name                                 ; Value        ; Type                ;
+------------------------------------------------+--------------+---------------------+
; AUTO_CARRY_CHAINS                              ; ON           ; AUTO_CARRY          ;
; IGNORE_CARRY_BUFFERS                           ; OFF          ; IGNORE_CARRY        ;
; AUTO_CASCADE_CHAINS                            ; ON           ; AUTO_CASCADE        ;
; IGNORE_CASCADE_BUFFERS                         ; OFF          ; IGNORE_CASCADE      ;
; LPM_WIDTHA                                     ; 16           ; Untyped             ;
; LPM_WIDTHB                                     ; 16           ; Untyped             ;
; LPM_WIDTHP                                     ; 32           ; Untyped             ;
; LPM_WIDTHR                                     ; 32           ; Untyped             ;
; LPM_WIDTHS                                     ; 1            ; Untyped             ;
; LPM_REPRESENTATION                             ; SIGNED       ; Untyped             ;
; LPM_PIPELINE                                   ; 0            ; Untyped             ;
; LATENCY                                        ; 0            ; Untyped             ;
; INPUT_A_IS_CONSTANT                            ; NO           ; Untyped             ;
; INPUT_B_IS_CONSTANT                            ; NO           ; Untyped             ;
; USE_EAB                                        ; OFF          ; Untyped             ;
; MAXIMIZE_SPEED                                 ; 5            ; Untyped             ;
; DEVICE_FAMILY                                  ; Cyclone IV E ; Untyped             ;
; CARRY_CHAIN                                    ; MANUAL       ; Untyped             ;
; APEX20K_TECHNOLOGY_MAPPER                      ; LUT          ; TECH_MAPPER_APEX20K ;
; DEDICATED_MULTIPLIER_CIRCUITRY                 ; AUTO         ; Untyped             ;
; DEDICATED_MULTIPLIER_MIN_INPUT_WIDTH_FOR_AUTO  ; 0            ; Untyped             ;
; DEDICATED_MULTIPLIER_MIN_OUTPUT_WIDTH_FOR_AUTO ; 0            ; Untyped             ;
; CBXI_PARAMETER                                 ; mult_36t     ; Untyped             ;
; INPUT_A_FIXED_VALUE                            ; Bx           ; Untyped             ;
; INPUT_B_FIXED_VALUE                            ; Bx           ; Untyped             ;
; USE_AHDL_IMPLEMENTATION                        ; OFF          ; Untyped             ;
+------------------------------------------------+--------------+---------------------+
Note: In order to hide this table in the UI and the text report file, please set the "Show Parameter Settings in Synthesis Report" option in "Analysis and Synthesis Settings -> More Settings" to "Off".


+--------------------------------------------------------------------+
; lpm_mult Parameter Settings by Entity Instance                     ;
+---------------------------------------+----------------------------+
; Name                                  ; Value                      ;
+---------------------------------------+----------------------------+
; Number of entity instances            ; 1                          ;
; Entity Instance                       ; mult:mult_0|lpm_mult:Mult0 ;
;     -- LPM_WIDTHA                     ; 16                         ;
;     -- LPM_WIDTHB                     ; 16                         ;
;     -- LPM_WIDTHP                     ; 32                         ;
;     -- LPM_REPRESENTATION             ; SIGNED                     ;
;     -- INPUT_A_IS_CONSTANT            ; NO                         ;
;     -- INPUT_B_IS_CONSTANT            ; NO                         ;
;     -- USE_EAB                        ; OFF                        ;
;     -- DEDICATED_MULTIPLIER_CIRCUITRY ; AUTO                       ;
;     -- INPUT_A_FIXED_VALUE            ; Bx                         ;
;     -- INPUT_B_FIXED_VALUE            ; Bx                         ;
+---------------------------------------+----------------------------+


+-----------------------------------------------------------------------------------------------------------------------+
; Port Connectivity Checks: "mult:mult_0"                                                                               ;
+-------------+--------+----------+-------------------------------------------------------------------------------------+
; Port        ; Type   ; Severity ; Details                                                                             ;
+-------------+--------+----------+-------------------------------------------------------------------------------------+
; out[31..16] ; Output ; Info     ; Connected to dangling logic. Logic that only feeds a dangling port will be removed. ;
+-------------+--------+----------+-------------------------------------------------------------------------------------+


+-------------------------------------------------+
; Port Connectivity Checks: "mux_3:mux_pc"        ;
+---------------+-------+----------+--------------+
; Port          ; Type  ; Severity ; Details      ;
+---------------+-------+----------+--------------+
; sig_1[15..12] ; Input ; Info     ; Stuck at GND ;
+---------------+-------+----------+--------------+


+-----------------------------------------------------+
; Post-Synthesis Netlist Statistics for Top Partition ;
+-----------------------+-----------------------------+
; Type                  ; Count                       ;
+-----------------------+-----------------------------+
; boundary_port         ; 92                          ;
; cycloneiii_ff         ; 390                         ;
;     CLR               ; 85                          ;
;     CLR SLD           ; 12                          ;
;     ENA CLR           ; 272                         ;
;     SCLR              ; 18                          ;
;     plain             ; 3                           ;
; cycloneiii_lcell_comb ; 868                         ;
;     arith             ; 77                          ;
;         2 data inputs ; 32                          ;
;         3 data inputs ; 45                          ;
;     normal            ; 791                         ;
;         1 data inputs ; 10                          ;
;         2 data inputs ; 54                          ;
;         3 data inputs ; 92                          ;
;         4 data inputs ; 635                         ;
; cycloneiii_mac_mult   ; 1                           ;
; cycloneiii_mac_out    ; 1                           ;
;                       ;                             ;
; Max LUT depth         ; 14.90                       ;
; Average LUT depth     ; 9.18                        ;
+-----------------------+-----------------------------+


+-------------------------------+
; Elapsed Time Per Partition    ;
+----------------+--------------+
; Partition Name ; Elapsed Time ;
+----------------+--------------+
; Top            ; 00:00:04     ;
+----------------+--------------+


+-------------------------------+
; Analysis & Synthesis Messages ;
+-------------------------------+
Info: *******************************************************************
Info: Running Quartus Prime Analysis & Synthesis
    Info: Version 17.0.0 Build 595 04/25/2017 SJ Lite Edition
    Info: Processing started: Wed Dec  6 14:21:15 2017
Info: Command: quartus_map --read_settings_files=on --write_settings_files=off hal_4 -c hal_4
Info (20032): Parallel compilation is enabled and will use up to 2 processors
Info (12021): Found 1 design units, including 1 entities, in source file bcd_7seg.v
    Info (12023): Found entity 1: bcd_7seg File: /home/james/Documents/UFMG/oc2/tp5/hal_4/bcd_7seg.v Line: 10
Info (12021): Found 1 design units, including 1 entities, in source file hal_4.v
    Info (12023): Found entity 1: hal_4 File: /home/james/Documents/UFMG/oc2/tp5/hal_4/hal_4.v Line: 10
Info (12021): Found 1 design units, including 1 entities, in source file mult.v
    Info (12023): Found entity 1: mult File: /home/james/Documents/UFMG/oc2/tp5/hal_4/mult.v Line: 1
Info (12021): Found 1 design units, including 1 entities, in source file control_unit.v
    Info (12023): Found entity 1: control_unit File: /home/james/Documents/UFMG/oc2/tp5/hal_4/control_unit.v Line: 1
Info (12021): Found 3 design units, including 3 entities, in source file mux.v
    Info (12023): Found entity 1: mux_2 File: /home/james/Documents/UFMG/oc2/tp5/hal_4/mux.v Line: 1
    Info (12023): Found entity 2: mux_3 File: /home/james/Documents/UFMG/oc2/tp5/hal_4/mux.v Line: 10
    Info (12023): Found entity 3: mux_4 File: /home/james/Documents/UFMG/oc2/tp5/hal_4/mux.v Line: 22
Info (12021): Found 1 design units, including 1 entities, in source file register_bank.v
    Info (12023): Found entity 1: register_bank File: /home/james/Documents/UFMG/oc2/tp5/hal_4/register_bank.v Line: 1
Info (12021): Found 1 design units, including 1 entities, in source file debouncer.v
    Info (12023): Found entity 1: debouncer File: /home/james/Documents/UFMG/oc2/tp5/hal_4/debouncer.v Line: 13
Info (12021): Found 1 design units, including 1 entities, in source file alu.v
    Info (12023): Found entity 1: alu File: /home/james/Documents/UFMG/oc2/tp5/hal_4/alu.v Line: 1
Info (12127): Elaborating entity "hal_4" for the top level hierarchy
Info (12128): Elaborating entity "control_unit" for hierarchy "control_unit:ctl_unit" File: /home/james/Documents/UFMG/oc2/tp5/hal_4/hal_4.v Line: 116
Info (12128): Elaborating entity "register_bank" for hierarchy "register_bank:r_bank" File: /home/james/Documents/UFMG/oc2/tp5/hal_4/hal_4.v Line: 128
Info (12128): Elaborating entity "mux_2" for hierarchy "mux_2:fwd_reg_a" File: /home/james/Documents/UFMG/oc2/tp5/hal_4/hal_4.v Line: 139
Info (12128): Elaborating entity "mux_4" for hierarchy "mux_4:fwd_branch_s2" File: /home/james/Documents/UFMG/oc2/tp5/hal_4/hal_4.v Line: 165
Info (12128): Elaborating entity "mux_3" for hierarchy "mux_3:mux_pc" File: /home/james/Documents/UFMG/oc2/tp5/hal_4/hal_4.v Line: 188
Info (12128): Elaborating entity "alu" for hierarchy "alu:alu_0" File: /home/james/Documents/UFMG/oc2/tp5/hal_4/hal_4.v Line: 257
Info (12128): Elaborating entity "mult" for hierarchy "mult:mult_0" File: /home/james/Documents/UFMG/oc2/tp5/hal_4/hal_4.v Line: 265
Info (12128): Elaborating entity "debouncer" for hierarchy "debouncer:dbk3" File: /home/james/Documents/UFMG/oc2/tp5/hal_4/hal_4.v Line: 331
Info (12128): Elaborating entity "bcd_7seg" for hierarchy "bcd_7seg:hex_7" File: /home/james/Documents/UFMG/oc2/tp5/hal_4/hal_4.v Line: 336
Info (278001): Inferred 1 megafunctions from design logic
    Info (278003): Inferred multiplier megafunction ("lpm_mult") from the following logic: "mult:mult_0|Mult0" File: /home/james/Documents/UFMG/oc2/tp5/hal_4/mult.v Line: 10
Info (12130): Elaborated megafunction instantiation "mult:mult_0|lpm_mult:Mult0" File: /home/james/Documents/UFMG/oc2/tp5/hal_4/mult.v Line: 10
Info (12133): Instantiated megafunction "mult:mult_0|lpm_mult:Mult0" with the following parameter: File: /home/james/Documents/UFMG/oc2/tp5/hal_4/mult.v Line: 10
    Info (12134): Parameter "LPM_WIDTHA" = "16"
    Info (12134): Parameter "LPM_WIDTHB" = "16"
    Info (12134): Parameter "LPM_WIDTHP" = "32"
    Info (12134): Parameter "LPM_WIDTHR" = "32"
    Info (12134): Parameter "LPM_WIDTHS" = "1"
    Info (12134): Parameter "LPM_REPRESENTATION" = "SIGNED"
    Info (12134): Parameter "INPUT_A_IS_CONSTANT" = "NO"
    Info (12134): Parameter "INPUT_B_IS_CONSTANT" = "NO"
    Info (12134): Parameter "MAXIMIZE_SPEED" = "5"
Info (12021): Found 1 design units, including 1 entities, in source file db/mult_36t.tdf
    Info (12023): Found entity 1: mult_36t File: /home/james/Documents/UFMG/oc2/tp5/hal_4/db/mult_36t.tdf Line: 29
Info (286030): Timing-Driven Synthesis is running
Info (144001): Generated suppressed messages file /home/james/Documents/UFMG/oc2/tp5/hal_4/output_files/hal_4.map.smsg
Info (16010): Generating hard_block partition "hard_block:auto_generated_inst"
    Info (16011): Adding 0 node(s), including 0 DDIO, 0 PLL, 0 transceiver and 0 LCELL
Info (21057): Implemented 1300 device resources after synthesis - the final resource count might be different
    Info (21058): Implemented 20 input pins
    Info (21059): Implemented 72 output pins
    Info (21061): Implemented 1206 logic cells
    Info (21062): Implemented 2 DSP elements
Info: Quartus Prime Analysis & Synthesis was successful. 0 errors, 0 warnings
    Info: Peak virtual memory: 975 megabytes
    Info: Processing ended: Wed Dec  6 14:21:36 2017
    Info: Elapsed time: 00:00:21
    Info: Total CPU time (on all processors): 00:00:41


+------------------------------------------+
; Analysis & Synthesis Suppressed Messages ;
+------------------------------------------+
The suppressed messages can be found in /home/james/Documents/UFMG/oc2/tp5/hal_4/output_files/hal_4.map.smsg.


