EDA Netlist Writer report for hal_4
Wed Dec  6 14:22:24 2017
Quartus Prime Version 17.0.0 Build 595 04/25/2017 SJ Lite Edition


---------------------
; Table of Contents ;
---------------------
  1. Legal Notice
  2. EDA Netlist Writer Summary
  3. Simulation Settings
  4. Simulation Generated Files
  5. EDA Netlist Writer Messages



----------------
; Legal Notice ;
----------------
Copyright (C) 2017  Intel Corporation. All rights reserved.
Your use of Intel Corporation's design tools, logic functions 
and other software and tools, and its AMPP partner logic 
functions, and any output files from any of the foregoing 
(including device programming or simulation files), and any 
associated documentation or information are expressly subject 
to the terms and conditions of the Intel Program License 
Subscription Agreement, the Intel Quartus Prime License Agreement,
the Intel MegaCore Function License Agreement, or other 
applicable license agreement, including, without limitation, 
that your use is for the sole purpose of programming logic 
devices manufactured by Intel and sold by Intel or its 
authorized distributors.  Please refer to the applicable 
agreement for further details.



+-------------------------------------------------------------------+
; EDA Netlist Writer Summary                                        ;
+---------------------------+---------------------------------------+
; EDA Netlist Writer Status ; Successful - Wed Dec  6 14:22:24 2017 ;
; Revision Name             ; hal_4                                 ;
; Top-level Entity Name     ; hal_4                                 ;
; Family                    ; Cyclone IV E                          ;
; Simulation Files Creation ; Successful                            ;
+---------------------------+---------------------------------------+


+-------------------------------------------------------------------------------------------------------------------------------+
; Simulation Settings                                                                                                           ;
+---------------------------------------------------------------------------------------------------+---------------------------+
; Option                                                                                            ; Setting                   ;
+---------------------------------------------------------------------------------------------------+---------------------------+
; Tool Name                                                                                         ; ModelSim-Altera (Verilog) ;
; Generate functional simulation netlist                                                            ; Off                       ;
; Time scale                                                                                        ; 1 ps                      ;
; Truncate long hierarchy paths                                                                     ; Off                       ;
; Map illegal HDL characters                                                                        ; Off                       ;
; Flatten buses into individual nodes                                                               ; Off                       ;
; Maintain hierarchy                                                                                ; Off                       ;
; Bring out device-wide set/reset signals as ports                                                  ; Off                       ;
; Enable glitch filtering                                                                           ; Off                       ;
; Do not write top level VHDL entity                                                                ; Off                       ;
; Disable detection of setup and hold time violations in the input registers of bi-directional pins ; Off                       ;
; Architecture name in VHDL output netlist                                                          ; structure                 ;
; Generate third-party EDA tool command script for RTL functional simulation                        ; Off                       ;
; Generate third-party EDA tool command script for gate-level simulation                            ; Off                       ;
+---------------------------------------------------------------------------------------------------+---------------------------+


+---------------------------------------------------------------------------------------------+
; Simulation Generated Files                                                                  ;
+---------------------------------------------------------------------------------------------+
; Generated Files                                                                             ;
+---------------------------------------------------------------------------------------------+
; /home/james/Documents/UFMG/oc2/tp5/hal_4/simulation/modelsim/hal_4_7_1200mv_85c_slow.vo     ;
; /home/james/Documents/UFMG/oc2/tp5/hal_4/simulation/modelsim/hal_4_7_1200mv_0c_slow.vo      ;
; /home/james/Documents/UFMG/oc2/tp5/hal_4/simulation/modelsim/hal_4_min_1200mv_0c_fast.vo    ;
; /home/james/Documents/UFMG/oc2/tp5/hal_4/simulation/modelsim/hal_4.vo                       ;
; /home/james/Documents/UFMG/oc2/tp5/hal_4/simulation/modelsim/hal_4_7_1200mv_85c_v_slow.sdo  ;
; /home/james/Documents/UFMG/oc2/tp5/hal_4/simulation/modelsim/hal_4_7_1200mv_0c_v_slow.sdo   ;
; /home/james/Documents/UFMG/oc2/tp5/hal_4/simulation/modelsim/hal_4_min_1200mv_0c_v_fast.sdo ;
; /home/james/Documents/UFMG/oc2/tp5/hal_4/simulation/modelsim/hal_4_v.sdo                    ;
+---------------------------------------------------------------------------------------------+


+-----------------------------+
; EDA Netlist Writer Messages ;
+-----------------------------+
Info: *******************************************************************
Info: Running Quartus Prime EDA Netlist Writer
    Info: Version 17.0.0 Build 595 04/25/2017 SJ Lite Edition
    Info: Processing started: Wed Dec  6 14:22:22 2017
Info: Command: quartus_eda --read_settings_files=off --write_settings_files=off hal_4 -c hal_4
Info (204019): Generated file hal_4_7_1200mv_85c_slow.vo in folder "/home/james/Documents/UFMG/oc2/tp5/hal_4/simulation/modelsim/" for EDA simulation tool
Info (204019): Generated file hal_4_7_1200mv_0c_slow.vo in folder "/home/james/Documents/UFMG/oc2/tp5/hal_4/simulation/modelsim/" for EDA simulation tool
Info (204019): Generated file hal_4_min_1200mv_0c_fast.vo in folder "/home/james/Documents/UFMG/oc2/tp5/hal_4/simulation/modelsim/" for EDA simulation tool
Info (204019): Generated file hal_4.vo in folder "/home/james/Documents/UFMG/oc2/tp5/hal_4/simulation/modelsim/" for EDA simulation tool
Info (204019): Generated file hal_4_7_1200mv_85c_v_slow.sdo in folder "/home/james/Documents/UFMG/oc2/tp5/hal_4/simulation/modelsim/" for EDA simulation tool
Info (204019): Generated file hal_4_7_1200mv_0c_v_slow.sdo in folder "/home/james/Documents/UFMG/oc2/tp5/hal_4/simulation/modelsim/" for EDA simulation tool
Info (204019): Generated file hal_4_min_1200mv_0c_v_fast.sdo in folder "/home/james/Documents/UFMG/oc2/tp5/hal_4/simulation/modelsim/" for EDA simulation tool
Info (204019): Generated file hal_4_v.sdo in folder "/home/james/Documents/UFMG/oc2/tp5/hal_4/simulation/modelsim/" for EDA simulation tool
Info: Quartus Prime EDA Netlist Writer was successful. 0 errors, 0 warnings
    Info: Peak virtual memory: 1068 megabytes
    Info: Processing ended: Wed Dec  6 14:22:24 2017
    Info: Elapsed time: 00:00:02
    Info: Total CPU time (on all processors): 00:00:02


