Analysis & Synthesis report for hal_2
Mon Nov  6 18:24:08 2017
Quartus Prime Version 17.0.0 Build 595 04/25/2017 SJ Lite Edition


---------------------
; Table of Contents ;
---------------------
  1. Legal Notice
  2. Analysis & Synthesis Summary
  3. Analysis & Synthesis Settings
  4. Parallel Compilation
  5. Analysis & Synthesis Source Files Read
  6. Analysis & Synthesis Resource Usage Summary
  7. Analysis & Synthesis Resource Utilization by Entity
  8. Analysis & Synthesis IP Cores Summary
  9. State Machine - |hal_2|control_unit:ctl_unit|state
 10. Registers Removed During Synthesis
 11. Removed Registers Triggering Further Register Optimizations
 12. General Register Statistics
 13. Source assignments for i_mem:i_m|altsyncram:altsyncram_component|altsyncram_1aa1:auto_generated
 14. Parameter Settings for User Entity Instance: i_mem:i_m|altsyncram:altsyncram_component
 15. altsyncram Parameter Settings by Entity Instance
 16. Port Connectivity Checks: "control_unit:ctl_unit"
 17. Port Connectivity Checks: "mux_3:mux_b"
 18. Post-Synthesis Netlist Statistics for Top Partition
 19. Elapsed Time Per Partition
 20. Analysis & Synthesis Messages



----------------
; Legal Notice ;
----------------
Copyright (C) 2017  Intel Corporation. All rights reserved.
Your use of Intel Corporation's design tools, logic functions 
and other software and tools, and its AMPP partner logic 
functions, and any output files from any of the foregoing 
(including device programming or simulation files), and any 
associated documentation or information are expressly subject 
to the terms and conditions of the Intel Program License 
Subscription Agreement, the Intel Quartus Prime License Agreement,
the Intel MegaCore Function License Agreement, or other 
applicable license agreement, including, without limitation, 
that your use is for the sole purpose of programming logic 
devices manufactured by Intel and sold by Intel or its 
authorized distributors.  Please refer to the applicable 
agreement for further details.



+----------------------------------------------------------------------------------+
; Analysis & Synthesis Summary                                                     ;
+------------------------------------+---------------------------------------------+
; Analysis & Synthesis Status        ; Successful - Mon Nov  6 18:24:08 2017       ;
; Quartus Prime Version              ; 17.0.0 Build 595 04/25/2017 SJ Lite Edition ;
; Revision Name                      ; hal_2                                       ;
; Top-level Entity Name              ; hal_2                                       ;
; Family                             ; Cyclone IV E                                ;
; Total logic elements               ; 0                                           ;
;     Total combinational functions  ; 0                                           ;
;     Dedicated logic registers      ; 0                                           ;
; Total registers                    ; 0                                           ;
; Total pins                         ; 2                                           ;
; Total virtual pins                 ; 0                                           ;
; Total memory bits                  ; 0                                           ;
; Embedded Multiplier 9-bit elements ; 0                                           ;
; Total PLLs                         ; 0                                           ;
+------------------------------------+---------------------------------------------+


+----------------------------------------------------------------------------------------------------------------------+
; Analysis & Synthesis Settings                                                                                        ;
+----------------------------------------------------------------------------+--------------------+--------------------+
; Option                                                                     ; Setting            ; Default Value      ;
+----------------------------------------------------------------------------+--------------------+--------------------+
; Device                                                                     ; EP4CE115F29C7      ;                    ;
; Top-level entity name                                                      ; hal_2              ; hal_2              ;
; Family name                                                                ; Cyclone IV E       ; Cyclone V          ;
; Use smart compilation                                                      ; Off                ; Off                ;
; Maximum processors allowed for parallel compilation                        ; 2                  ; 2                  ;
; Enable parallel Assembler and TimeQuest Timing Analyzer during compilation ; On                 ; On                 ;
; Enable compact report table                                                ; Off                ; Off                ;
; Restructure Multiplexers                                                   ; Auto               ; Auto               ;
; Create Debugging Nodes for IP Cores                                        ; Off                ; Off                ;
; Preserve fewer node names                                                  ; On                 ; On                 ;
; OpenCore Plus hardware evaluation                                          ; Enable             ; Enable             ;
; Verilog Version                                                            ; Verilog_2001       ; Verilog_2001       ;
; VHDL Version                                                               ; VHDL_1993          ; VHDL_1993          ;
; State Machine Processing                                                   ; Auto               ; Auto               ;
; Safe State Machine                                                         ; Off                ; Off                ;
; Extract Verilog State Machines                                             ; On                 ; On                 ;
; Extract VHDL State Machines                                                ; On                 ; On                 ;
; Ignore Verilog initial constructs                                          ; Off                ; Off                ;
; Iteration limit for constant Verilog loops                                 ; 5000               ; 5000               ;
; Iteration limit for non-constant Verilog loops                             ; 250                ; 250                ;
; Add Pass-Through Logic to Inferred RAMs                                    ; On                 ; On                 ;
; Infer RAMs from Raw Logic                                                  ; On                 ; On                 ;
; Parallel Synthesis                                                         ; On                 ; On                 ;
; DSP Block Balancing                                                        ; Auto               ; Auto               ;
; NOT Gate Push-Back                                                         ; On                 ; On                 ;
; Power-Up Don't Care                                                        ; On                 ; On                 ;
; Remove Redundant Logic Cells                                               ; Off                ; Off                ;
; Remove Duplicate Registers                                                 ; On                 ; On                 ;
; Ignore CARRY Buffers                                                       ; Off                ; Off                ;
; Ignore CASCADE Buffers                                                     ; Off                ; Off                ;
; Ignore GLOBAL Buffers                                                      ; Off                ; Off                ;
; Ignore ROW GLOBAL Buffers                                                  ; Off                ; Off                ;
; Ignore LCELL Buffers                                                       ; Off                ; Off                ;
; Ignore SOFT Buffers                                                        ; On                 ; On                 ;
; Limit AHDL Integers to 32 Bits                                             ; Off                ; Off                ;
; Optimization Technique                                                     ; Balanced           ; Balanced           ;
; Carry Chain Length                                                         ; 70                 ; 70                 ;
; Auto Carry Chains                                                          ; On                 ; On                 ;
; Auto Open-Drain Pins                                                       ; On                 ; On                 ;
; Perform WYSIWYG Primitive Resynthesis                                      ; Off                ; Off                ;
; Auto ROM Replacement                                                       ; On                 ; On                 ;
; Auto RAM Replacement                                                       ; On                 ; On                 ;
; Auto DSP Block Replacement                                                 ; On                 ; On                 ;
; Auto Shift Register Replacement                                            ; Auto               ; Auto               ;
; Allow Shift Register Merging across Hierarchies                            ; Auto               ; Auto               ;
; Auto Clock Enable Replacement                                              ; On                 ; On                 ;
; Strict RAM Replacement                                                     ; Off                ; Off                ;
; Allow Synchronous Control Signals                                          ; On                 ; On                 ;
; Force Use of Synchronous Clear Signals                                     ; Off                ; Off                ;
; Auto RAM Block Balancing                                                   ; On                 ; On                 ;
; Auto RAM to Logic Cell Conversion                                          ; Off                ; Off                ;
; Auto Resource Sharing                                                      ; Off                ; Off                ;
; Allow Any RAM Size For Recognition                                         ; Off                ; Off                ;
; Allow Any ROM Size For Recognition                                         ; Off                ; Off                ;
; Allow Any Shift Register Size For Recognition                              ; Off                ; Off                ;
; Use LogicLock Constraints during Resource Balancing                        ; On                 ; On                 ;
; Ignore translate_off and synthesis_off directives                          ; Off                ; Off                ;
; Timing-Driven Synthesis                                                    ; On                 ; On                 ;
; Report Parameter Settings                                                  ; On                 ; On                 ;
; Report Source Assignments                                                  ; On                 ; On                 ;
; Report Connectivity Checks                                                 ; On                 ; On                 ;
; Ignore Maximum Fan-Out Assignments                                         ; Off                ; Off                ;
; Synchronization Register Chain Length                                      ; 2                  ; 2                  ;
; PowerPlay Power Optimization During Synthesis                              ; Normal compilation ; Normal compilation ;
; HDL message level                                                          ; Level2             ; Level2             ;
; Suppress Register Optimization Related Messages                            ; Off                ; Off                ;
; Number of Removed Registers Reported in Synthesis Report                   ; 5000               ; 5000               ;
; Number of Swept Nodes Reported in Synthesis Report                         ; 5000               ; 5000               ;
; Number of Inverted Registers Reported in Synthesis Report                  ; 100                ; 100                ;
; Clock MUX Protection                                                       ; On                 ; On                 ;
; Auto Gated Clock Conversion                                                ; Off                ; Off                ;
; Block Design Naming                                                        ; Auto               ; Auto               ;
; SDC constraint protection                                                  ; Off                ; Off                ;
; Synthesis Effort                                                           ; Auto               ; Auto               ;
; Shift Register Replacement - Allow Asynchronous Clear Signal               ; On                 ; On                 ;
; Pre-Mapping Resynthesis Optimization                                       ; Off                ; Off                ;
; Analysis & Synthesis Message Level                                         ; Medium             ; Medium             ;
; Disable Register Merging Across Hierarchies                                ; Auto               ; Auto               ;
; Resource Aware Inference For Block RAM                                     ; On                 ; On                 ;
+----------------------------------------------------------------------------+--------------------+--------------------+


+------------------------------------------+
; Parallel Compilation                     ;
+----------------------------+-------------+
; Processors                 ; Number      ;
+----------------------------+-------------+
; Number detected on machine ; 4           ;
; Maximum allowed            ; 2           ;
;                            ;             ;
; Average used               ; 1.00        ;
; Maximum used               ; 1           ;
;                            ;             ;
; Usage by Processor         ; % Time Used ;
;     Processor 1            ; 100.0%      ;
+----------------------------+-------------+


+---------------------------------------------------------------------------------------------------------------------------------------------------------------------------------------------------+
; Analysis & Synthesis Source Files Read                                                                                                                                                            ;
+----------------------------------+-----------------+----------------------------------+-------------------------------------------------------------------------------------------------+---------+
; File Name with User-Entered Path ; Used in Netlist ; File Type                        ; File Name with Absolute Path                                                                    ; Library ;
+----------------------------------+-----------------+----------------------------------+-------------------------------------------------------------------------------------------------+---------+
; mux.v                            ; yes             ; User Verilog HDL File            ; /home/james/Documents/UFMG/oc2/tp3/hal_2/mux.v                                                  ;         ;
; hal_2.v                          ; yes             ; User Verilog HDL File            ; /home/james/Documents/UFMG/oc2/tp3/hal_2/hal_2.v                                                ;         ;
; control_unit.v                   ; yes             ; User Verilog HDL File            ; /home/james/Documents/UFMG/oc2/tp3/hal_2/control_unit.v                                         ;         ;
; register_bank.v                  ; yes             ; User Verilog HDL File            ; /home/james/Documents/UFMG/oc2/tp3/hal_2/register_bank.v                                        ;         ;
; alu.v                            ; yes             ; User Verilog HDL File            ; /home/james/Documents/UFMG/oc2/tp3/hal_2/alu.v                                                  ;         ;
; inst_mem.mif                     ; yes             ; User Memory Initialization File  ; /home/james/Documents/UFMG/oc2/tp3/hal_2/inst_mem.mif                                           ;         ;
; i_mem.v                          ; yes             ; User Wizard-Generated File       ; /home/james/Documents/UFMG/oc2/tp3/hal_2/i_mem.v                                                ;         ;
; altsyncram.tdf                   ; yes             ; Megafunction                     ; /home/james/Programas/intelFPGA_lite/17.0/quartus/libraries/megafunctions/altsyncram.tdf        ;         ;
; stratix_ram_block.inc            ; yes             ; Megafunction                     ; /home/james/Programas/intelFPGA_lite/17.0/quartus/libraries/megafunctions/stratix_ram_block.inc ;         ;
; lpm_mux.inc                      ; yes             ; Megafunction                     ; /home/james/Programas/intelFPGA_lite/17.0/quartus/libraries/megafunctions/lpm_mux.inc           ;         ;
; lpm_decode.inc                   ; yes             ; Megafunction                     ; /home/james/Programas/intelFPGA_lite/17.0/quartus/libraries/megafunctions/lpm_decode.inc        ;         ;
; aglobal170.inc                   ; yes             ; Megafunction                     ; /home/james/Programas/intelFPGA_lite/17.0/quartus/libraries/megafunctions/aglobal170.inc        ;         ;
; a_rdenreg.inc                    ; yes             ; Megafunction                     ; /home/james/Programas/intelFPGA_lite/17.0/quartus/libraries/megafunctions/a_rdenreg.inc         ;         ;
; altrom.inc                       ; yes             ; Megafunction                     ; /home/james/Programas/intelFPGA_lite/17.0/quartus/libraries/megafunctions/altrom.inc            ;         ;
; altram.inc                       ; yes             ; Megafunction                     ; /home/james/Programas/intelFPGA_lite/17.0/quartus/libraries/megafunctions/altram.inc            ;         ;
; altdpram.inc                     ; yes             ; Megafunction                     ; /home/james/Programas/intelFPGA_lite/17.0/quartus/libraries/megafunctions/altdpram.inc          ;         ;
; db/altsyncram_1aa1.tdf           ; yes             ; Auto-Generated Megafunction      ; /home/james/Documents/UFMG/oc2/tp3/hal_2/db/altsyncram_1aa1.tdf                                 ;         ;
+----------------------------------+-----------------+----------------------------------+-------------------------------------------------------------------------------------------------+---------+


+-----------------------------------------------------+
; Analysis & Synthesis Resource Usage Summary         ;
+---------------------------------------------+-------+
; Resource                                    ; Usage ;
+---------------------------------------------+-------+
;                                             ;       ;
; Total combinational functions               ; 0     ;
; Logic element usage by number of LUT inputs ;       ;
;     -- 4 input functions                    ; 0     ;
;     -- 3 input functions                    ; 0     ;
;     -- <=2 input functions                  ; 0     ;
;                                             ;       ;
; Logic elements by mode                      ;       ;
;     -- normal mode                          ; 0     ;
;     -- arithmetic mode                      ; 0     ;
;                                             ;       ;
; Total registers                             ; 0     ;
;     -- Dedicated logic registers            ; 0     ;
;     -- I/O registers                        ; 0     ;
;                                             ;       ;
; I/O pins                                    ; 2     ;
;                                             ;       ;
; Embedded Multiplier 9-bit elements          ; 0     ;
;                                             ;       ;
; Maximum fan-out node                        ; clk   ;
; Maximum fan-out                             ; 1     ;
; Total fan-out                               ; 2     ;
; Average fan-out                             ; 0.50  ;
+---------------------------------------------+-------+


+----------------------------------------------------------------------------------------------------------------------------------------------------------------------------------------------------------+
; Analysis & Synthesis Resource Utilization by Entity                                                                                                                                                      ;
+----------------------------+---------------------+---------------------------+-------------+--------------+---------+-----------+------+--------------+---------------------+-------------+--------------+
; Compilation Hierarchy Node ; Combinational ALUTs ; Dedicated Logic Registers ; Memory Bits ; DSP Elements ; DSP 9x9 ; DSP 18x18 ; Pins ; Virtual Pins ; Full Hierarchy Name ; Entity Name ; Library Name ;
+----------------------------+---------------------+---------------------------+-------------+--------------+---------+-----------+------+--------------+---------------------+-------------+--------------+
; |hal_2                     ; 0 (0)               ; 0 (0)                     ; 0           ; 0            ; 0       ; 0         ; 2    ; 0            ; |hal_2              ; hal_2       ; work         ;
+----------------------------+---------------------+---------------------------+-------------+--------------+---------+-----------+------+--------------+---------------------+-------------+--------------+
Note: For table entries with two numbers listed, the numbers in parentheses indicate the number of resources of the given type used by the specific entity alone. The numbers listed outside of parentheses indicate the total resources of the given type used by the specific entity and all of its sub-entities in the hierarchy.


+----------------------------------------------------------------------------------------------------+
; Analysis & Synthesis IP Cores Summary                                                              ;
+--------+--------------+---------+--------------+--------------+------------------+-----------------+
; Vendor ; IP Core Name ; Version ; Release Date ; License Type ; Entity Instance  ; IP Include File ;
+--------+--------------+---------+--------------+--------------+------------------+-----------------+
; Altera ; ROM: 1-PORT  ; 17.0    ; N/A          ; N/A          ; |hal_2|i_mem:i_m ; i_mem.v         ;
+--------+--------------+---------+--------------+--------------+------------------+-----------------+


Encoding Type:  One-Hot
+----------------------------------------------------+
; State Machine - |hal_2|control_unit:ctl_unit|state ;
+----------+----------+----------+-------------------+
; Name     ; state.00 ; state.10 ; state.01          ;
+----------+----------+----------+-------------------+
; state.00 ; 0        ; 0        ; 0                 ;
; state.01 ; 1        ; 0        ; 1                 ;
; state.10 ; 1        ; 1        ; 0                 ;
+----------+----------+----------+-------------------+


+--------------------------------------------------------------+
; Registers Removed During Synthesis                           ;
+-----------------------------------------+--------------------+
; Register name                           ; Reason for Removal ;
+-----------------------------------------+--------------------+
; CP[0..15]                               ; Lost fanout        ;
; register_bank:r_bank|registers[0][0]    ; Lost fanout        ;
; register_bank:r_bank|registers[15][15]  ; Lost fanout        ;
; register_bank:r_bank|registers[15][14]  ; Lost fanout        ;
; register_bank:r_bank|registers[15][13]  ; Lost fanout        ;
; register_bank:r_bank|registers[15][12]  ; Lost fanout        ;
; register_bank:r_bank|registers[15][11]  ; Lost fanout        ;
; register_bank:r_bank|registers[15][10]  ; Lost fanout        ;
; register_bank:r_bank|registers[15][9]   ; Lost fanout        ;
; register_bank:r_bank|registers[15][8]   ; Lost fanout        ;
; register_bank:r_bank|registers[15][7]   ; Lost fanout        ;
; register_bank:r_bank|registers[15][6]   ; Lost fanout        ;
; register_bank:r_bank|registers[15][5]   ; Lost fanout        ;
; register_bank:r_bank|registers[15][4]   ; Lost fanout        ;
; register_bank:r_bank|registers[15][3]   ; Lost fanout        ;
; register_bank:r_bank|registers[15][2]   ; Lost fanout        ;
; register_bank:r_bank|registers[15][1]   ; Lost fanout        ;
; register_bank:r_bank|registers[15][0]   ; Lost fanout        ;
; register_bank:r_bank|registers[14][15]  ; Lost fanout        ;
; register_bank:r_bank|registers[14][14]  ; Lost fanout        ;
; register_bank:r_bank|registers[14][13]  ; Lost fanout        ;
; register_bank:r_bank|registers[14][12]  ; Lost fanout        ;
; register_bank:r_bank|registers[14][11]  ; Lost fanout        ;
; register_bank:r_bank|registers[14][10]  ; Lost fanout        ;
; register_bank:r_bank|registers[14][9]   ; Lost fanout        ;
; register_bank:r_bank|registers[14][8]   ; Lost fanout        ;
; register_bank:r_bank|registers[14][7]   ; Lost fanout        ;
; register_bank:r_bank|registers[14][6]   ; Lost fanout        ;
; register_bank:r_bank|registers[14][5]   ; Lost fanout        ;
; register_bank:r_bank|registers[14][4]   ; Lost fanout        ;
; register_bank:r_bank|registers[14][3]   ; Lost fanout        ;
; register_bank:r_bank|registers[14][2]   ; Lost fanout        ;
; register_bank:r_bank|registers[14][1]   ; Lost fanout        ;
; register_bank:r_bank|registers[14][0]   ; Lost fanout        ;
; register_bank:r_bank|registers[13][15]  ; Lost fanout        ;
; register_bank:r_bank|registers[13][14]  ; Lost fanout        ;
; register_bank:r_bank|registers[13][13]  ; Lost fanout        ;
; register_bank:r_bank|registers[13][12]  ; Lost fanout        ;
; register_bank:r_bank|registers[13][11]  ; Lost fanout        ;
; register_bank:r_bank|registers[13][10]  ; Lost fanout        ;
; register_bank:r_bank|registers[13][9]   ; Lost fanout        ;
; register_bank:r_bank|registers[13][8]   ; Lost fanout        ;
; register_bank:r_bank|registers[13][7]   ; Lost fanout        ;
; register_bank:r_bank|registers[13][6]   ; Lost fanout        ;
; register_bank:r_bank|registers[13][5]   ; Lost fanout        ;
; register_bank:r_bank|registers[13][4]   ; Lost fanout        ;
; register_bank:r_bank|registers[13][3]   ; Lost fanout        ;
; register_bank:r_bank|registers[13][2]   ; Lost fanout        ;
; register_bank:r_bank|registers[13][1]   ; Lost fanout        ;
; register_bank:r_bank|registers[13][0]   ; Lost fanout        ;
; register_bank:r_bank|registers[12][15]  ; Lost fanout        ;
; register_bank:r_bank|registers[12][14]  ; Lost fanout        ;
; register_bank:r_bank|registers[12][13]  ; Lost fanout        ;
; register_bank:r_bank|registers[12][12]  ; Lost fanout        ;
; register_bank:r_bank|registers[12][11]  ; Lost fanout        ;
; register_bank:r_bank|registers[12][10]  ; Lost fanout        ;
; register_bank:r_bank|registers[12][9]   ; Lost fanout        ;
; register_bank:r_bank|registers[12][8]   ; Lost fanout        ;
; register_bank:r_bank|registers[12][7]   ; Lost fanout        ;
; register_bank:r_bank|registers[12][6]   ; Lost fanout        ;
; register_bank:r_bank|registers[12][5]   ; Lost fanout        ;
; register_bank:r_bank|registers[12][4]   ; Lost fanout        ;
; register_bank:r_bank|registers[12][3]   ; Lost fanout        ;
; register_bank:r_bank|registers[12][2]   ; Lost fanout        ;
; register_bank:r_bank|registers[12][1]   ; Lost fanout        ;
; register_bank:r_bank|registers[12][0]   ; Lost fanout        ;
; register_bank:r_bank|registers[11][15]  ; Lost fanout        ;
; register_bank:r_bank|registers[11][14]  ; Lost fanout        ;
; register_bank:r_bank|registers[11][13]  ; Lost fanout        ;
; register_bank:r_bank|registers[11][12]  ; Lost fanout        ;
; register_bank:r_bank|registers[11][11]  ; Lost fanout        ;
; register_bank:r_bank|registers[11][10]  ; Lost fanout        ;
; register_bank:r_bank|registers[11][9]   ; Lost fanout        ;
; register_bank:r_bank|registers[11][8]   ; Lost fanout        ;
; register_bank:r_bank|registers[11][7]   ; Lost fanout        ;
; register_bank:r_bank|registers[11][6]   ; Lost fanout        ;
; register_bank:r_bank|registers[11][5]   ; Lost fanout        ;
; register_bank:r_bank|registers[11][4]   ; Lost fanout        ;
; register_bank:r_bank|registers[11][3]   ; Lost fanout        ;
; register_bank:r_bank|registers[11][2]   ; Lost fanout        ;
; register_bank:r_bank|registers[11][1]   ; Lost fanout        ;
; register_bank:r_bank|registers[11][0]   ; Lost fanout        ;
; register_bank:r_bank|registers[10][15]  ; Lost fanout        ;
; register_bank:r_bank|registers[10][14]  ; Lost fanout        ;
; register_bank:r_bank|registers[10][13]  ; Lost fanout        ;
; register_bank:r_bank|registers[10][12]  ; Lost fanout        ;
; register_bank:r_bank|registers[10][11]  ; Lost fanout        ;
; register_bank:r_bank|registers[10][10]  ; Lost fanout        ;
; register_bank:r_bank|registers[10][9]   ; Lost fanout        ;
; register_bank:r_bank|registers[10][8]   ; Lost fanout        ;
; register_bank:r_bank|registers[10][7]   ; Lost fanout        ;
; register_bank:r_bank|registers[10][6]   ; Lost fanout        ;
; register_bank:r_bank|registers[10][5]   ; Lost fanout        ;
; register_bank:r_bank|registers[10][4]   ; Lost fanout        ;
; register_bank:r_bank|registers[10][3]   ; Lost fanout        ;
; register_bank:r_bank|registers[10][2]   ; Lost fanout        ;
; register_bank:r_bank|registers[10][1]   ; Lost fanout        ;
; register_bank:r_bank|registers[10][0]   ; Lost fanout        ;
; register_bank:r_bank|registers[9][15]   ; Lost fanout        ;
; register_bank:r_bank|registers[9][14]   ; Lost fanout        ;
; register_bank:r_bank|registers[9][13]   ; Lost fanout        ;
; register_bank:r_bank|registers[9][12]   ; Lost fanout        ;
; register_bank:r_bank|registers[9][11]   ; Lost fanout        ;
; register_bank:r_bank|registers[9][10]   ; Lost fanout        ;
; register_bank:r_bank|registers[9][9]    ; Lost fanout        ;
; register_bank:r_bank|registers[9][8]    ; Lost fanout        ;
; register_bank:r_bank|registers[9][7]    ; Lost fanout        ;
; register_bank:r_bank|registers[9][6]    ; Lost fanout        ;
; register_bank:r_bank|registers[9][5]    ; Lost fanout        ;
; register_bank:r_bank|registers[9][4]    ; Lost fanout        ;
; register_bank:r_bank|registers[9][3]    ; Lost fanout        ;
; register_bank:r_bank|registers[9][2]    ; Lost fanout        ;
; register_bank:r_bank|registers[9][1]    ; Lost fanout        ;
; register_bank:r_bank|registers[9][0]    ; Lost fanout        ;
; register_bank:r_bank|registers[8][15]   ; Lost fanout        ;
; register_bank:r_bank|registers[8][14]   ; Lost fanout        ;
; register_bank:r_bank|registers[8][13]   ; Lost fanout        ;
; register_bank:r_bank|registers[8][12]   ; Lost fanout        ;
; register_bank:r_bank|registers[8][11]   ; Lost fanout        ;
; register_bank:r_bank|registers[8][10]   ; Lost fanout        ;
; register_bank:r_bank|registers[8][9]    ; Lost fanout        ;
; register_bank:r_bank|registers[8][8]    ; Lost fanout        ;
; register_bank:r_bank|registers[8][7]    ; Lost fanout        ;
; register_bank:r_bank|registers[8][6]    ; Lost fanout        ;
; register_bank:r_bank|registers[8][5]    ; Lost fanout        ;
; register_bank:r_bank|registers[8][4]    ; Lost fanout        ;
; register_bank:r_bank|registers[8][3]    ; Lost fanout        ;
; register_bank:r_bank|registers[8][2]    ; Lost fanout        ;
; register_bank:r_bank|registers[8][1]    ; Lost fanout        ;
; register_bank:r_bank|registers[8][0]    ; Lost fanout        ;
; register_bank:r_bank|registers[7][15]   ; Lost fanout        ;
; register_bank:r_bank|registers[7][14]   ; Lost fanout        ;
; register_bank:r_bank|registers[7][13]   ; Lost fanout        ;
; register_bank:r_bank|registers[7][12]   ; Lost fanout        ;
; register_bank:r_bank|registers[7][11]   ; Lost fanout        ;
; register_bank:r_bank|registers[7][10]   ; Lost fanout        ;
; register_bank:r_bank|registers[7][9]    ; Lost fanout        ;
; register_bank:r_bank|registers[7][8]    ; Lost fanout        ;
; register_bank:r_bank|registers[7][7]    ; Lost fanout        ;
; register_bank:r_bank|registers[7][6]    ; Lost fanout        ;
; register_bank:r_bank|registers[7][5]    ; Lost fanout        ;
; register_bank:r_bank|registers[7][4]    ; Lost fanout        ;
; register_bank:r_bank|registers[7][3]    ; Lost fanout        ;
; register_bank:r_bank|registers[7][2]    ; Lost fanout        ;
; register_bank:r_bank|registers[7][1]    ; Lost fanout        ;
; register_bank:r_bank|registers[7][0]    ; Lost fanout        ;
; register_bank:r_bank|registers[6][15]   ; Lost fanout        ;
; register_bank:r_bank|registers[6][14]   ; Lost fanout        ;
; register_bank:r_bank|registers[6][13]   ; Lost fanout        ;
; register_bank:r_bank|registers[6][12]   ; Lost fanout        ;
; register_bank:r_bank|registers[6][11]   ; Lost fanout        ;
; register_bank:r_bank|registers[6][10]   ; Lost fanout        ;
; register_bank:r_bank|registers[6][9]    ; Lost fanout        ;
; register_bank:r_bank|registers[6][8]    ; Lost fanout        ;
; register_bank:r_bank|registers[6][7]    ; Lost fanout        ;
; register_bank:r_bank|registers[6][6]    ; Lost fanout        ;
; register_bank:r_bank|registers[6][5]    ; Lost fanout        ;
; register_bank:r_bank|registers[6][4]    ; Lost fanout        ;
; register_bank:r_bank|registers[6][3]    ; Lost fanout        ;
; register_bank:r_bank|registers[6][2]    ; Lost fanout        ;
; register_bank:r_bank|registers[6][1]    ; Lost fanout        ;
; register_bank:r_bank|registers[6][0]    ; Lost fanout        ;
; register_bank:r_bank|registers[5][15]   ; Lost fanout        ;
; register_bank:r_bank|registers[5][14]   ; Lost fanout        ;
; register_bank:r_bank|registers[5][13]   ; Lost fanout        ;
; register_bank:r_bank|registers[5][12]   ; Lost fanout        ;
; register_bank:r_bank|registers[5][11]   ; Lost fanout        ;
; register_bank:r_bank|registers[5][10]   ; Lost fanout        ;
; register_bank:r_bank|registers[5][9]    ; Lost fanout        ;
; register_bank:r_bank|registers[5][8]    ; Lost fanout        ;
; register_bank:r_bank|registers[5][7]    ; Lost fanout        ;
; register_bank:r_bank|registers[5][6]    ; Lost fanout        ;
; register_bank:r_bank|registers[5][5]    ; Lost fanout        ;
; register_bank:r_bank|registers[5][4]    ; Lost fanout        ;
; register_bank:r_bank|registers[5][3]    ; Lost fanout        ;
; register_bank:r_bank|registers[5][2]    ; Lost fanout        ;
; register_bank:r_bank|registers[5][1]    ; Lost fanout        ;
; register_bank:r_bank|registers[5][0]    ; Lost fanout        ;
; register_bank:r_bank|registers[4][15]   ; Lost fanout        ;
; register_bank:r_bank|registers[4][14]   ; Lost fanout        ;
; register_bank:r_bank|registers[4][13]   ; Lost fanout        ;
; register_bank:r_bank|registers[4][12]   ; Lost fanout        ;
; register_bank:r_bank|registers[4][11]   ; Lost fanout        ;
; register_bank:r_bank|registers[4][10]   ; Lost fanout        ;
; register_bank:r_bank|registers[4][9]    ; Lost fanout        ;
; register_bank:r_bank|registers[4][8]    ; Lost fanout        ;
; register_bank:r_bank|registers[4][7]    ; Lost fanout        ;
; register_bank:r_bank|registers[4][6]    ; Lost fanout        ;
; register_bank:r_bank|registers[4][5]    ; Lost fanout        ;
; register_bank:r_bank|registers[4][4]    ; Lost fanout        ;
; register_bank:r_bank|registers[4][3]    ; Lost fanout        ;
; register_bank:r_bank|registers[4][2]    ; Lost fanout        ;
; register_bank:r_bank|registers[4][1]    ; Lost fanout        ;
; register_bank:r_bank|registers[4][0]    ; Lost fanout        ;
; register_bank:r_bank|registers[3][15]   ; Lost fanout        ;
; register_bank:r_bank|registers[3][14]   ; Lost fanout        ;
; register_bank:r_bank|registers[3][13]   ; Lost fanout        ;
; register_bank:r_bank|registers[3][12]   ; Lost fanout        ;
; register_bank:r_bank|registers[3][11]   ; Lost fanout        ;
; register_bank:r_bank|registers[3][10]   ; Lost fanout        ;
; register_bank:r_bank|registers[3][9]    ; Lost fanout        ;
; register_bank:r_bank|registers[3][8]    ; Lost fanout        ;
; register_bank:r_bank|registers[3][7]    ; Lost fanout        ;
; register_bank:r_bank|registers[3][6]    ; Lost fanout        ;
; register_bank:r_bank|registers[3][5]    ; Lost fanout        ;
; register_bank:r_bank|registers[3][4]    ; Lost fanout        ;
; register_bank:r_bank|registers[3][3]    ; Lost fanout        ;
; register_bank:r_bank|registers[3][2]    ; Lost fanout        ;
; register_bank:r_bank|registers[3][1]    ; Lost fanout        ;
; register_bank:r_bank|registers[3][0]    ; Lost fanout        ;
; register_bank:r_bank|registers[2][15]   ; Lost fanout        ;
; register_bank:r_bank|registers[2][14]   ; Lost fanout        ;
; register_bank:r_bank|registers[2][13]   ; Lost fanout        ;
; register_bank:r_bank|registers[2][12]   ; Lost fanout        ;
; register_bank:r_bank|registers[2][11]   ; Lost fanout        ;
; register_bank:r_bank|registers[2][10]   ; Lost fanout        ;
; register_bank:r_bank|registers[2][9]    ; Lost fanout        ;
; register_bank:r_bank|registers[2][8]    ; Lost fanout        ;
; register_bank:r_bank|registers[2][7]    ; Lost fanout        ;
; register_bank:r_bank|registers[2][6]    ; Lost fanout        ;
; register_bank:r_bank|registers[2][5]    ; Lost fanout        ;
; register_bank:r_bank|registers[2][4]    ; Lost fanout        ;
; register_bank:r_bank|registers[2][3]    ; Lost fanout        ;
; register_bank:r_bank|registers[2][2]    ; Lost fanout        ;
; register_bank:r_bank|registers[2][1]    ; Lost fanout        ;
; register_bank:r_bank|registers[2][0]    ; Lost fanout        ;
; register_bank:r_bank|registers[1][15]   ; Lost fanout        ;
; register_bank:r_bank|registers[1][14]   ; Lost fanout        ;
; register_bank:r_bank|registers[1][13]   ; Lost fanout        ;
; register_bank:r_bank|registers[1][12]   ; Lost fanout        ;
; register_bank:r_bank|registers[1][11]   ; Lost fanout        ;
; register_bank:r_bank|registers[1][10]   ; Lost fanout        ;
; register_bank:r_bank|registers[1][9]    ; Lost fanout        ;
; register_bank:r_bank|registers[1][8]    ; Lost fanout        ;
; register_bank:r_bank|registers[1][7]    ; Lost fanout        ;
; register_bank:r_bank|registers[1][6]    ; Lost fanout        ;
; register_bank:r_bank|registers[1][5]    ; Lost fanout        ;
; register_bank:r_bank|registers[1][4]    ; Lost fanout        ;
; register_bank:r_bank|registers[1][3]    ; Lost fanout        ;
; register_bank:r_bank|registers[1][2]    ; Lost fanout        ;
; register_bank:r_bank|registers[1][1]    ; Lost fanout        ;
; register_bank:r_bank|registers[1][0]    ; Lost fanout        ;
; register_bank:r_bank|registers[0][15]   ; Lost fanout        ;
; register_bank:r_bank|registers[0][14]   ; Lost fanout        ;
; register_bank:r_bank|registers[0][13]   ; Lost fanout        ;
; register_bank:r_bank|registers[0][12]   ; Lost fanout        ;
; register_bank:r_bank|registers[0][11]   ; Lost fanout        ;
; register_bank:r_bank|registers[0][10]   ; Lost fanout        ;
; register_bank:r_bank|registers[0][9]    ; Lost fanout        ;
; register_bank:r_bank|registers[0][8]    ; Lost fanout        ;
; register_bank:r_bank|registers[0][7]    ; Lost fanout        ;
; register_bank:r_bank|registers[0][6]    ; Lost fanout        ;
; register_bank:r_bank|registers[0][5]    ; Lost fanout        ;
; register_bank:r_bank|registers[0][4]    ; Lost fanout        ;
; register_bank:r_bank|registers[0][3]    ; Lost fanout        ;
; register_bank:r_bank|registers[0][2]    ; Lost fanout        ;
; register_bank:r_bank|registers[0][1]    ; Lost fanout        ;
; control_unit:ctl_unit|state.01          ; Lost fanout        ;
; control_unit:ctl_unit|state.10          ; Lost fanout        ;
; control_unit:ctl_unit|state.00          ; Lost fanout        ;
; Total Number of Removed Registers = 275 ;                    ;
+-----------------------------------------+--------------------+


+----------------------------------------------------------------------------------------------+
; Removed Registers Triggering Further Register Optimizations                                  ;
+--------------------------------+--------------------+----------------------------------------+
; Register name                  ; Reason for Removal ; Registers Removed due to This Register ;
+--------------------------------+--------------------+----------------------------------------+
; control_unit:ctl_unit|state.01 ; Lost Fanouts       ; control_unit:ctl_unit|state.00         ;
+--------------------------------+--------------------+----------------------------------------+


+------------------------------------------------------+
; General Register Statistics                          ;
+----------------------------------------------+-------+
; Statistic                                    ; Value ;
+----------------------------------------------+-------+
; Total registers                              ; 0     ;
; Number of registers using Synchronous Clear  ; 0     ;
; Number of registers using Synchronous Load   ; 0     ;
; Number of registers using Asynchronous Clear ; 0     ;
; Number of registers using Asynchronous Load  ; 0     ;
; Number of registers using Clock Enable       ; 0     ;
; Number of registers using Preset             ; 0     ;
+----------------------------------------------+-------+


+-------------------------------------------------------------------------------------------------+
; Source assignments for i_mem:i_m|altsyncram:altsyncram_component|altsyncram_1aa1:auto_generated ;
+---------------------------------+--------------------+------+-----------------------------------+
; Assignment                      ; Value              ; From ; To                                ;
+---------------------------------+--------------------+------+-----------------------------------+
; OPTIMIZE_POWER_DURING_SYNTHESIS ; NORMAL_COMPILATION ; -    ; -                                 ;
+---------------------------------+--------------------+------+-----------------------------------+


+----------------------------------------------------------------------------------------+
; Parameter Settings for User Entity Instance: i_mem:i_m|altsyncram:altsyncram_component ;
+------------------------------------+----------------------+----------------------------+
; Parameter Name                     ; Value                ; Type                       ;
+------------------------------------+----------------------+----------------------------+
; BYTE_SIZE_BLOCK                    ; 8                    ; Untyped                    ;
; AUTO_CARRY_CHAINS                  ; ON                   ; AUTO_CARRY                 ;
; IGNORE_CARRY_BUFFERS               ; OFF                  ; IGNORE_CARRY               ;
; AUTO_CASCADE_CHAINS                ; ON                   ; AUTO_CASCADE               ;
; IGNORE_CASCADE_BUFFERS             ; OFF                  ; IGNORE_CASCADE             ;
; WIDTH_BYTEENA                      ; 1                    ; Untyped                    ;
; OPERATION_MODE                     ; ROM                  ; Untyped                    ;
; WIDTH_A                            ; 16                   ; Signed Integer             ;
; WIDTHAD_A                          ; 12                   ; Signed Integer             ;
; NUMWORDS_A                         ; 4096                 ; Signed Integer             ;
; OUTDATA_REG_A                      ; UNREGISTERED         ; Untyped                    ;
; ADDRESS_ACLR_A                     ; NONE                 ; Untyped                    ;
; OUTDATA_ACLR_A                     ; NONE                 ; Untyped                    ;
; WRCONTROL_ACLR_A                   ; NONE                 ; Untyped                    ;
; INDATA_ACLR_A                      ; NONE                 ; Untyped                    ;
; BYTEENA_ACLR_A                     ; NONE                 ; Untyped                    ;
; WIDTH_B                            ; 1                    ; Untyped                    ;
; WIDTHAD_B                          ; 1                    ; Untyped                    ;
; NUMWORDS_B                         ; 1                    ; Untyped                    ;
; INDATA_REG_B                       ; CLOCK1               ; Untyped                    ;
; WRCONTROL_WRADDRESS_REG_B          ; CLOCK1               ; Untyped                    ;
; RDCONTROL_REG_B                    ; CLOCK1               ; Untyped                    ;
; ADDRESS_REG_B                      ; CLOCK1               ; Untyped                    ;
; OUTDATA_REG_B                      ; UNREGISTERED         ; Untyped                    ;
; BYTEENA_REG_B                      ; CLOCK1               ; Untyped                    ;
; INDATA_ACLR_B                      ; NONE                 ; Untyped                    ;
; WRCONTROL_ACLR_B                   ; NONE                 ; Untyped                    ;
; ADDRESS_ACLR_B                     ; NONE                 ; Untyped                    ;
; OUTDATA_ACLR_B                     ; NONE                 ; Untyped                    ;
; RDCONTROL_ACLR_B                   ; NONE                 ; Untyped                    ;
; BYTEENA_ACLR_B                     ; NONE                 ; Untyped                    ;
; WIDTH_BYTEENA_A                    ; 1                    ; Signed Integer             ;
; WIDTH_BYTEENA_B                    ; 1                    ; Untyped                    ;
; RAM_BLOCK_TYPE                     ; AUTO                 ; Untyped                    ;
; BYTE_SIZE                          ; 8                    ; Untyped                    ;
; READ_DURING_WRITE_MODE_MIXED_PORTS ; DONT_CARE            ; Untyped                    ;
; READ_DURING_WRITE_MODE_PORT_A      ; NEW_DATA_NO_NBE_READ ; Untyped                    ;
; READ_DURING_WRITE_MODE_PORT_B      ; NEW_DATA_NO_NBE_READ ; Untyped                    ;
; INIT_FILE                          ; inst_mem.mif         ; Untyped                    ;
; INIT_FILE_LAYOUT                   ; PORT_A               ; Untyped                    ;
; MAXIMUM_DEPTH                      ; 0                    ; Untyped                    ;
; CLOCK_ENABLE_INPUT_A               ; BYPASS               ; Untyped                    ;
; CLOCK_ENABLE_INPUT_B               ; NORMAL               ; Untyped                    ;
; CLOCK_ENABLE_OUTPUT_A              ; BYPASS               ; Untyped                    ;
; CLOCK_ENABLE_OUTPUT_B              ; NORMAL               ; Untyped                    ;
; CLOCK_ENABLE_CORE_A                ; USE_INPUT_CLKEN      ; Untyped                    ;
; CLOCK_ENABLE_CORE_B                ; USE_INPUT_CLKEN      ; Untyped                    ;
; ENABLE_ECC                         ; FALSE                ; Untyped                    ;
; ECC_PIPELINE_STAGE_ENABLED         ; FALSE                ; Untyped                    ;
; WIDTH_ECCSTATUS                    ; 3                    ; Untyped                    ;
; DEVICE_FAMILY                      ; Cyclone IV E         ; Untyped                    ;
; CBXI_PARAMETER                     ; altsyncram_1aa1      ; Untyped                    ;
+------------------------------------+----------------------+----------------------------+
Note: In order to hide this table in the UI and the text report file, please set the "Show Parameter Settings in Synthesis Report" option in "Analysis and Synthesis Settings -> More Settings" to "Off".


+---------------------------------------------------------------------------------------+
; altsyncram Parameter Settings by Entity Instance                                      ;
+-------------------------------------------+-------------------------------------------+
; Name                                      ; Value                                     ;
+-------------------------------------------+-------------------------------------------+
; Number of entity instances                ; 1                                         ;
; Entity Instance                           ; i_mem:i_m|altsyncram:altsyncram_component ;
;     -- OPERATION_MODE                     ; ROM                                       ;
;     -- WIDTH_A                            ; 16                                        ;
;     -- NUMWORDS_A                         ; 4096                                      ;
;     -- OUTDATA_REG_A                      ; UNREGISTERED                              ;
;     -- WIDTH_B                            ; 1                                         ;
;     -- NUMWORDS_B                         ; 1                                         ;
;     -- ADDRESS_REG_B                      ; CLOCK1                                    ;
;     -- OUTDATA_REG_B                      ; UNREGISTERED                              ;
;     -- RAM_BLOCK_TYPE                     ; AUTO                                      ;
;     -- READ_DURING_WRITE_MODE_MIXED_PORTS ; DONT_CARE                                 ;
+-------------------------------------------+-------------------------------------------+


+------------------------------------------------------------------------------------------------------------------+
; Port Connectivity Checks: "control_unit:ctl_unit"                                                                ;
+--------+--------+----------+-------------------------------------------------------------------------------------+
; Port   ; Type   ; Severity ; Details                                                                             ;
+--------+--------+----------+-------------------------------------------------------------------------------------+
; EscReg ; Output ; Info     ; Connected to dangling logic. Logic that only feeds a dangling port will be removed. ;
+--------+--------+----------+-------------------------------------------------------------------------------------+


+------------------------------------------------+
; Port Connectivity Checks: "mux_3:mux_b"        ;
+--------------+-------+----------+--------------+
; Port         ; Type  ; Severity ; Details      ;
+--------------+-------+----------+--------------+
; sig_1[15..1] ; Input ; Info     ; Stuck at GND ;
; sig_1[0]     ; Input ; Info     ; Stuck at VCC ;
; sig_2[15..4] ; Input ; Info     ; Stuck at GND ;
+--------------+-------+----------+--------------+


+-----------------------------------------------------+
; Post-Synthesis Netlist Statistics for Top Partition ;
+-------------------+---------------------------------+
; Type              ; Count                           ;
+-------------------+---------------------------------+
; boundary_port     ; 2                               ;
;                   ;                                 ;
; Max LUT depth     ; 0.00                            ;
; Average LUT depth ; 0.00                            ;
+-------------------+---------------------------------+


+-------------------------------+
; Elapsed Time Per Partition    ;
+----------------+--------------+
; Partition Name ; Elapsed Time ;
+----------------+--------------+
; Top            ; 00:00:00     ;
+----------------+--------------+


+-------------------------------+
; Analysis & Synthesis Messages ;
+-------------------------------+
Info: *******************************************************************
Info: Running Quartus Prime Analysis & Synthesis
    Info: Version 17.0.0 Build 595 04/25/2017 SJ Lite Edition
    Info: Processing started: Mon Nov  6 18:23:53 2017
Info: Command: quartus_map --read_settings_files=on --write_settings_files=off hal_2 -c hal_2
Info (20032): Parallel compilation is enabled and will use up to 2 processors
Info (12021): Found 2 design units, including 2 entities, in source file mux.v
    Info (12023): Found entity 1: mux_2 File: /home/james/Documents/UFMG/oc2/tp3/hal_2/mux.v Line: 1
    Info (12023): Found entity 2: mux_3 File: /home/james/Documents/UFMG/oc2/tp3/hal_2/mux.v Line: 10
Info (12021): Found 1 design units, including 1 entities, in source file hal_2.v
    Info (12023): Found entity 1: hal_2 File: /home/james/Documents/UFMG/oc2/tp3/hal_2/hal_2.v Line: 1
Info (12021): Found 1 design units, including 1 entities, in source file control_unit.v
    Info (12023): Found entity 1: control_unit File: /home/james/Documents/UFMG/oc2/tp3/hal_2/control_unit.v Line: 1
Info (12021): Found 1 design units, including 1 entities, in source file register_bank.v
    Info (12023): Found entity 1: register_bank File: /home/james/Documents/UFMG/oc2/tp3/hal_2/register_bank.v Line: 1
Info (12021): Found 1 design units, including 1 entities, in source file alu.v
    Info (12023): Found entity 1: alu File: /home/james/Documents/UFMG/oc2/tp3/hal_2/alu.v Line: 1
Info (12021): Found 1 design units, including 1 entities, in source file i_mem.v
    Info (12023): Found entity 1: i_mem File: /home/james/Documents/UFMG/oc2/tp3/hal_2/i_mem.v Line: 40
Info (12127): Elaborating entity "hal_2" for the top level hierarchy
Info (12128): Elaborating entity "mux_2" for hierarchy "mux_2:mux_a" File: /home/james/Documents/UFMG/oc2/tp3/hal_2/hal_2.v Line: 59
Info (12128): Elaborating entity "mux_3" for hierarchy "mux_3:mux_b" File: /home/james/Documents/UFMG/oc2/tp3/hal_2/hal_2.v Line: 67
Info (12128): Elaborating entity "control_unit" for hierarchy "control_unit:ctl_unit" File: /home/james/Documents/UFMG/oc2/tp3/hal_2/hal_2.v Line: 91
Info (12128): Elaborating entity "i_mem" for hierarchy "i_mem:i_m" File: /home/james/Documents/UFMG/oc2/tp3/hal_2/hal_2.v Line: 97
Info (12128): Elaborating entity "altsyncram" for hierarchy "i_mem:i_m|altsyncram:altsyncram_component" File: /home/james/Documents/UFMG/oc2/tp3/hal_2/i_mem.v Line: 82
Info (12130): Elaborated megafunction instantiation "i_mem:i_m|altsyncram:altsyncram_component" File: /home/james/Documents/UFMG/oc2/tp3/hal_2/i_mem.v Line: 82
Info (12133): Instantiated megafunction "i_mem:i_m|altsyncram:altsyncram_component" with the following parameter: File: /home/james/Documents/UFMG/oc2/tp3/hal_2/i_mem.v Line: 82
    Info (12134): Parameter "address_aclr_a" = "NONE"
    Info (12134): Parameter "clock_enable_input_a" = "BYPASS"
    Info (12134): Parameter "clock_enable_output_a" = "BYPASS"
    Info (12134): Parameter "init_file" = "inst_mem.mif"
    Info (12134): Parameter "intended_device_family" = "Cyclone IV E"
    Info (12134): Parameter "lpm_hint" = "ENABLE_RUNTIME_MOD=NO"
    Info (12134): Parameter "lpm_type" = "altsyncram"
    Info (12134): Parameter "numwords_a" = "4096"
    Info (12134): Parameter "operation_mode" = "ROM"
    Info (12134): Parameter "outdata_aclr_a" = "NONE"
    Info (12134): Parameter "outdata_reg_a" = "UNREGISTERED"
    Info (12134): Parameter "widthad_a" = "12"
    Info (12134): Parameter "width_a" = "16"
    Info (12134): Parameter "width_byteena_a" = "1"
Info (12021): Found 1 design units, including 1 entities, in source file db/altsyncram_1aa1.tdf
    Info (12023): Found entity 1: altsyncram_1aa1 File: /home/james/Documents/UFMG/oc2/tp3/hal_2/db/altsyncram_1aa1.tdf Line: 28
Info (12128): Elaborating entity "altsyncram_1aa1" for hierarchy "i_mem:i_m|altsyncram:altsyncram_component|altsyncram_1aa1:auto_generated" File: /home/james/Programas/intelFPGA_lite/17.0/quartus/libraries/megafunctions/altsyncram.tdf Line: 792
Info (12128): Elaborating entity "register_bank" for hierarchy "register_bank:r_bank" File: /home/james/Documents/UFMG/oc2/tp3/hal_2/hal_2.v Line: 109
Info (12128): Elaborating entity "alu" for hierarchy "alu:alu_0" File: /home/james/Documents/UFMG/oc2/tp3/hal_2/hal_2.v Line: 119
Warning (14284): Synthesized away the following node(s):
    Warning (14285): Synthesized away the following RAM node(s):
        Warning (14320): Synthesized away node "i_mem:i_m|altsyncram:altsyncram_component|altsyncram_1aa1:auto_generated|q_a[0]" File: /home/james/Documents/UFMG/oc2/tp3/hal_2/db/altsyncram_1aa1.tdf Line: 35
        Warning (14320): Synthesized away node "i_mem:i_m|altsyncram:altsyncram_component|altsyncram_1aa1:auto_generated|q_a[1]" File: /home/james/Documents/UFMG/oc2/tp3/hal_2/db/altsyncram_1aa1.tdf Line: 56
        Warning (14320): Synthesized away node "i_mem:i_m|altsyncram:altsyncram_component|altsyncram_1aa1:auto_generated|q_a[2]" File: /home/james/Documents/UFMG/oc2/tp3/hal_2/db/altsyncram_1aa1.tdf Line: 77
        Warning (14320): Synthesized away node "i_mem:i_m|altsyncram:altsyncram_component|altsyncram_1aa1:auto_generated|q_a[3]" File: /home/james/Documents/UFMG/oc2/tp3/hal_2/db/altsyncram_1aa1.tdf Line: 98
        Warning (14320): Synthesized away node "i_mem:i_m|altsyncram:altsyncram_component|altsyncram_1aa1:auto_generated|q_a[4]" File: /home/james/Documents/UFMG/oc2/tp3/hal_2/db/altsyncram_1aa1.tdf Line: 119
        Warning (14320): Synthesized away node "i_mem:i_m|altsyncram:altsyncram_component|altsyncram_1aa1:auto_generated|q_a[5]" File: /home/james/Documents/UFMG/oc2/tp3/hal_2/db/altsyncram_1aa1.tdf Line: 140
        Warning (14320): Synthesized away node "i_mem:i_m|altsyncram:altsyncram_component|altsyncram_1aa1:auto_generated|q_a[6]" File: /home/james/Documents/UFMG/oc2/tp3/hal_2/db/altsyncram_1aa1.tdf Line: 161
        Warning (14320): Synthesized away node "i_mem:i_m|altsyncram:altsyncram_component|altsyncram_1aa1:auto_generated|q_a[7]" File: /home/james/Documents/UFMG/oc2/tp3/hal_2/db/altsyncram_1aa1.tdf Line: 182
        Warning (14320): Synthesized away node "i_mem:i_m|altsyncram:altsyncram_component|altsyncram_1aa1:auto_generated|q_a[8]" File: /home/james/Documents/UFMG/oc2/tp3/hal_2/db/altsyncram_1aa1.tdf Line: 203
        Warning (14320): Synthesized away node "i_mem:i_m|altsyncram:altsyncram_component|altsyncram_1aa1:auto_generated|q_a[9]" File: /home/james/Documents/UFMG/oc2/tp3/hal_2/db/altsyncram_1aa1.tdf Line: 224
        Warning (14320): Synthesized away node "i_mem:i_m|altsyncram:altsyncram_component|altsyncram_1aa1:auto_generated|q_a[10]" File: /home/james/Documents/UFMG/oc2/tp3/hal_2/db/altsyncram_1aa1.tdf Line: 245
        Warning (14320): Synthesized away node "i_mem:i_m|altsyncram:altsyncram_component|altsyncram_1aa1:auto_generated|q_a[11]" File: /home/james/Documents/UFMG/oc2/tp3/hal_2/db/altsyncram_1aa1.tdf Line: 266
        Warning (14320): Synthesized away node "i_mem:i_m|altsyncram:altsyncram_component|altsyncram_1aa1:auto_generated|q_a[12]" File: /home/james/Documents/UFMG/oc2/tp3/hal_2/db/altsyncram_1aa1.tdf Line: 287
        Warning (14320): Synthesized away node "i_mem:i_m|altsyncram:altsyncram_component|altsyncram_1aa1:auto_generated|q_a[13]" File: /home/james/Documents/UFMG/oc2/tp3/hal_2/db/altsyncram_1aa1.tdf Line: 308
        Warning (14320): Synthesized away node "i_mem:i_m|altsyncram:altsyncram_component|altsyncram_1aa1:auto_generated|q_a[14]" File: /home/james/Documents/UFMG/oc2/tp3/hal_2/db/altsyncram_1aa1.tdf Line: 329
        Warning (14320): Synthesized away node "i_mem:i_m|altsyncram:altsyncram_component|altsyncram_1aa1:auto_generated|q_a[15]" File: /home/james/Documents/UFMG/oc2/tp3/hal_2/db/altsyncram_1aa1.tdf Line: 350
Info (17049): 275 registers lost all their fanouts during netlist optimizations.
Info (16010): Generating hard_block partition "hard_block:auto_generated_inst"
    Info (16011): Adding 0 node(s), including 0 DDIO, 0 PLL, 0 transceiver and 0 LCELL
Warning (21074): Design contains 2 input pin(s) that do not drive logic
    Warning (15610): No output dependent on input pin "clk" File: /home/james/Documents/UFMG/oc2/tp3/hal_2/hal_2.v Line: 2
    Warning (15610): No output dependent on input pin "rst" File: /home/james/Documents/UFMG/oc2/tp3/hal_2/hal_2.v Line: 4
Info (21057): Implemented 2 device resources after synthesis - the final resource count might be different
    Info (21058): Implemented 2 input pins
    Info (21059): Implemented 0 output pins
Info: Quartus Prime Analysis & Synthesis was successful. 0 errors, 21 warnings
    Info: Peak virtual memory: 969 megabytes
    Info: Processing ended: Mon Nov  6 18:24:08 2017
    Info: Elapsed time: 00:00:15
    Info: Total CPU time (on all processors): 00:00:37


